{"E:\\Unbiased ai\\unbiased-ai\\frontend\\src\\App.js": {"path":"E:\\Unbiased ai\\unbiased-ai\\frontend\\src\\App.js","statementMap":{"0":{"start":{"line":29,"column":15},"end":{"line":29,"column":38}},"1":{"start":{"line":29,"column":31},"end":{"line":29,"column":37}},"2":{"start":{"line":30,"column":2},"end":{"line":30,"column":59}},"3":{"start":{"line":34,"column":18},"end":{"line":34,"column":44}},"4":{"start":{"line":34,"column":34},"end":{"line":34,"column":43}},"5":{"start":{"line":36,"column":2},"end":{"line":41,"column":16}},"6":{"start":{"line":37,"column":18},"end":{"line":39,"column":6}},"7":{"start":{"line":38,"column":6},"end":{"line":38,"column":122}},"8":{"start":{"line":40,"column":4},"end":{"line":40,"column":17}},"9":{"start":{"line":43,"column":2},"end":{"line":103,"column":4}}},"fnMap":{"0":{"name":"PrivateRoute","decl":{"start":{"line":28,"column":9},"end":{"line":28,"column":21}},"loc":{"start":{"line":28,"column":36},"end":{"line":31,"column":1}},"line":28},"1":{"name":"(anonymous_1)","decl":{"start":{"line":29,"column":24},"end":{"line":29,"column":25}},"loc":{"start":{"line":29,"column":31},"end":{"line":29,"column":37}},"line":29},"2":{"name":"App","decl":{"start":{"line":33,"column":24},"end":{"line":33,"column":27}},"loc":{"start":{"line":33,"column":30},"end":{"line":104,"column":1}},"line":33},"3":{"name":"(anonymous_3)","decl":{"start":{"line":34,"column":27},"end":{"line":34,"column":28}},"loc":{"start":{"line":34,"column":34},"end":{"line":34,"column":43}},"line":34},"4":{"name":"(anonymous_4)","decl":{"start":{"line":36,"column":12},"end":{"line":36,"column":13}},"loc":{"start":{"line":36,"column":18},"end":{"line":41,"column":3}},"line":36},"5":{"name":"(anonymous_5)","decl":{"start":{"line":37,"column":43},"end":{"line":37,"column":44}},"loc":{"start":{"line":37,"column":53},"end":{"line":39,"column":5}},"line":37}},"branchMap":{"0":{"loc":{"start":{"line":30,"column":9},"end":{"line":30,"column":58}},"type":"cond-expr","locations":[{"start":{"line":30,"column":16},"end":{"line":30,"column":24}},{"start":{"line":30,"column":27},"end":{"line":30,"column":58}}],"line":30},"1":{"loc":{"start":{"line":38,"column":14},"end":{"line":38,"column":120}},"type":"cond-expr","locations":[{"start":{"line":38,"column":21},"end":{"line":38,"column":113}},{"start":{"line":38,"column":116},"end":{"line":38,"column":120}}],"line":38}},"s":{"0":0,"1":0,"2":0,"3":0,"4":0,"5":0,"6":0,"7":0,"8":0,"9":0},"f":{"0":0,"1":0,"2":0,"3":0,"4":0,"5":0},"b":{"0":[0,0],"1":[0,0]}}
,"E:\\Unbiased ai\\unbiased-ai\\frontend\\src\\constants.js": {"path":"E:\\Unbiased ai\\unbiased-ai\\frontend\\src\\constants.js","statementMap":{"0":{"start":{"line":1,"column":27},"end":{"line":9,"column":1}},"1":{"start":{"line":11,"column":31},"end":{"line":19,"column":1}}},"fnMap":{},"branchMap":{},"s":{"0":0,"1":0},"f":{},"b":{}}
,"E:\\Unbiased ai\\unbiased-ai\\frontend\\src\\firebase.js": {"path":"E:\\Unbiased ai\\unbiased-ai\\frontend\\src\\firebase.js","statementMap":{"0":{"start":{"line":6,"column":23},"end":{"line":13,"column":1}},"1":{"start":{"line":15,"column":19},"end":{"line":15,"column":48}},"2":{"start":{"line":16,"column":20},"end":{"line":16,"column":32}},"3":{"start":{"line":17,"column":18},"end":{"line":17,"column":35}},"4":{"start":{"line":18,"column":23},"end":{"line":18,"column":38}},"5":{"start":{"line":22,"column":30},"end":{"line":22,"column":54}}},"fnMap":{},"branchMap":{},"s":{"0":0,"1":0,"2":0,"3":0,"4":0,"5":0},"f":{},"b":{}}
,"E:\\Unbiased ai\\unbiased-ai\\frontend\\src\\index.js": {"path":"E:\\Unbiased ai\\unbiased-ai\\frontend\\src\\index.js","statementMap":{"0":{"start":{"line":5,"column":13},"end":{"line":5,"column":65}},"1":{"start":{"line":6,"column":0},"end":{"line":6,"column":58}}},"fnMap":{},"branchMap":{},"s":{"0":0,"1":0},"f":{},"b":{}}
,"E:\\Unbiased ai\\unbiased-ai\\frontend\\src\\store.js": {"path":"E:\\Unbiased ai\\unbiased-ai\\frontend\\src\\store.js","statementMap":{"0":{"start":{"line":4,"column":24},"end":{"line":42,"column":1}},"1":{"start":{"line":6,"column":19},"end":{"line":39,"column":5}},"2":{"start":{"line":21,"column":25},"end":{"line":21,"column":38}},"3":{"start":{"line":22,"column":27},"end":{"line":22,"column":41}},"4":{"start":{"line":23,"column":33},"end":{"line":23,"column":50}},"5":{"start":{"line":24,"column":33},"end":{"line":24,"column":60}},"6":{"start":{"line":25,"column":29},"end":{"line":25,"column":52}},"7":{"start":{"line":26,"column":26},"end":{"line":26,"column":72}},"8":{"start":{"line":26,"column":38},"end":{"line":26,"column":70}},"9":{"start":{"line":27,"column":30},"end":{"line":27,"column":109}},"10":{"start":{"line":27,"column":42},"end":{"line":27,"column":107}},"11":{"start":{"line":28,"column":34},"end":{"line":28,"column":109}},"12":{"start":{"line":28,"column":46},"end":{"line":28,"column":107}},"13":{"start":{"line":28,"column":93},"end":{"line":28,"column":104}},"14":{"start":{"line":29,"column":27},"end":{"line":29,"column":72}},"15":{"start":{"line":29,"column":39},"end":{"line":29,"column":70}},"16":{"start":{"line":32,"column":36},"end":{"line":32,"column":66}},"17":{"start":{"line":33,"column":36},"end":{"line":33,"column":66}},"18":{"start":{"line":34,"column":29},"end":{"line":34,"column":52}},"19":{"start":{"line":35,"column":32},"end":{"line":37,"column":9}},"20":{"start":{"line":35,"column":44},"end":{"line":37,"column":7}},"21":{"start":{"line":38,"column":30},"end":{"line":38,"column":60}},"22":{"start":{"line":40,"column":53},"end":{"line":40,"column":71}}},"fnMap":{"0":{"name":"(anonymous_0)","decl":{"start":{"line":6,"column":4},"end":{"line":6,"column":5}},"loc":{"start":{"line":6,"column":19},"end":{"line":39,"column":5}},"line":6},"1":{"name":"(anonymous_1)","decl":{"start":{"line":21,"column":15},"end":{"line":21,"column":16}},"loc":{"start":{"line":21,"column":25},"end":{"line":21,"column":38}},"line":21},"2":{"name":"(anonymous_2)","decl":{"start":{"line":22,"column":16},"end":{"line":22,"column":17}},"loc":{"start":{"line":22,"column":27},"end":{"line":22,"column":41}},"line":22},"3":{"name":"(anonymous_3)","decl":{"start":{"line":23,"column":19},"end":{"line":23,"column":20}},"loc":{"start":{"line":23,"column":33},"end":{"line":23,"column":50}},"line":23},"4":{"name":"(anonymous_4)","decl":{"start":{"line":24,"column":26},"end":{"line":24,"column":27}},"loc":{"start":{"line":24,"column":33},"end":{"line":24,"column":60}},"line":24},"5":{"name":"(anonymous_5)","decl":{"start":{"line":25,"column":22},"end":{"line":25,"column":23}},"loc":{"start":{"line":25,"column":29},"end":{"line":25,"column":52}},"line":25},"6":{"name":"(anonymous_6)","decl":{"start":{"line":26,"column":19},"end":{"line":26,"column":20}},"loc":{"start":{"line":26,"column":26},"end":{"line":26,"column":72}},"line":26},"7":{"name":"(anonymous_7)","decl":{"start":{"line":26,"column":30},"end":{"line":26,"column":31}},"loc":{"start":{"line":26,"column":38},"end":{"line":26,"column":70}},"line":26},"8":{"name":"(anonymous_8)","decl":{"start":{"line":27,"column":23},"end":{"line":27,"column":24}},"loc":{"start":{"line":27,"column":30},"end":{"line":27,"column":109}},"line":27},"9":{"name":"(anonymous_9)","decl":{"start":{"line":27,"column":34},"end":{"line":27,"column":35}},"loc":{"start":{"line":27,"column":42},"end":{"line":27,"column":107}},"line":27},"10":{"name":"(anonymous_10)","decl":{"start":{"line":28,"column":26},"end":{"line":28,"column":27}},"loc":{"start":{"line":28,"column":34},"end":{"line":28,"column":109}},"line":28},"11":{"name":"(anonymous_11)","decl":{"start":{"line":28,"column":38},"end":{"line":28,"column":39}},"loc":{"start":{"line":28,"column":46},"end":{"line":28,"column":107}},"line":28},"12":{"name":"(anonymous_12)","decl":{"start":{"line":28,"column":86},"end":{"line":28,"column":87}},"loc":{"start":{"line":28,"column":93},"end":{"line":28,"column":104}},"line":28},"13":{"name":"(anonymous_13)","decl":{"start":{"line":29,"column":21},"end":{"line":29,"column":22}},"loc":{"start":{"line":29,"column":27},"end":{"line":29,"column":72}},"line":29},"14":{"name":"(anonymous_14)","decl":{"start":{"line":29,"column":31},"end":{"line":29,"column":32}},"loc":{"start":{"line":29,"column":39},"end":{"line":29,"column":70}},"line":29},"15":{"name":"(anonymous_15)","decl":{"start":{"line":32,"column":25},"end":{"line":32,"column":26}},"loc":{"start":{"line":32,"column":36},"end":{"line":32,"column":66}},"line":32},"16":{"name":"(anonymous_16)","decl":{"start":{"line":33,"column":27},"end":{"line":33,"column":28}},"loc":{"start":{"line":33,"column":36},"end":{"line":33,"column":66}},"line":33},"17":{"name":"(anonymous_17)","decl":{"start":{"line":34,"column":22},"end":{"line":34,"column":23}},"loc":{"start":{"line":34,"column":29},"end":{"line":34,"column":52}},"line":34},"18":{"name":"(anonymous_18)","decl":{"start":{"line":35,"column":21},"end":{"line":35,"column":22}},"loc":{"start":{"line":35,"column":32},"end":{"line":37,"column":9}},"line":35},"19":{"name":"(anonymous_19)","decl":{"start":{"line":35,"column":36},"end":{"line":35,"column":37}},"loc":{"start":{"line":35,"column":44},"end":{"line":37,"column":7}},"line":35},"20":{"name":"(anonymous_20)","decl":{"start":{"line":38,"column":24},"end":{"line":38,"column":25}},"loc":{"start":{"line":38,"column":30},"end":{"line":38,"column":60}},"line":38},"21":{"name":"(anonymous_21)","decl":{"start":{"line":40,"column":45},"end":{"line":40,"column":46}},"loc":{"start":{"line":40,"column":53},"end":{"line":40,"column":71}},"line":40}},"branchMap":{},"s":{"0":0,"1":0,"2":0,"3":0,"4":0,"5":0,"6":0,"7":0,"8":0,"9":0,"10":0,"11":0,"12":0,"13":0,"14":0,"15":0,"16":0,"17":0,"18":0,"19":0,"20":0,"21":0,"22":0},"f":{"0":0,"1":0,"2":0,"3":0,"4":0,"5":0,"6":0,"7":0,"8":0,"9":0,"10":0,"11":0,"12":0,"13":0,"14":0,"15":0,"16":0,"17":0,"18":0,"19":0,"20":0,"21":0},"b":{}}
,"E:\\Unbiased ai\\unbiased-ai\\frontend\\src\\supabase.js": {"path":"E:\\Unbiased ai\\unbiased-ai\\frontend\\src\\supabase.js","statementMap":{"0":{"start":{"line":3,"column":20},"end":{"line":3,"column":54}},"1":{"start":{"line":4,"column":24},"end":{"line":4,"column":63}},"2":{"start":{"line":6,"column":24},"end":{"line":6,"column":66}},"3":{"start":{"line":9,"column":19},"end":{"line":11,"column":1}},"4":{"start":{"line":14,"column":20},"end":{"line":22,"column":1}},"5":{"start":{"line":15,"column":2},"end":{"line":17,"column":3}},"6":{"start":{"line":16,"column":4},"end":{"line":16,"column":85}},"7":{"start":{"line":18,"column":2},"end":{"line":20,"column":3}},"8":{"start":{"line":19,"column":4},"end":{"line":19,"column":63}},"9":{"start":{"line":21,"column":2},"end":{"line":21,"column":45}},"10":{"start":{"line":25,"column":19},"end":{"line":221,"column":1}},"11":{"start":{"line":27,"column":17},"end":{"line":27,"column":105}},"12":{"start":{"line":28,"column":4},"end":{"line":42,"column":5}},"13":{"start":{"line":29,"column":18},"end":{"line":33,"column":8}},"14":{"start":{"line":34,"column":19},"end":{"line":34,"column":35}},"15":{"start":{"line":35,"column":6},"end":{"line":37,"column":7}},"16":{"start":{"line":36,"column":8},"end":{"line":36,"column":80}},"17":{"start":{"line":38,"column":6},"end":{"line":38,"column":18}},"18":{"start":{"line":40,"column":6},"end":{"line":40,"column":43}},"19":{"start":{"line":41,"column":6},"end":{"line":41,"column":56}},"20":{"start":{"line":46,"column":4},"end":{"line":60,"column":5}},"21":{"start":{"line":47,"column":18},"end":{"line":51,"column":8}},"22":{"start":{"line":52,"column":19},"end":{"line":52,"column":35}},"23":{"start":{"line":53,"column":6},"end":{"line":55,"column":7}},"24":{"start":{"line":54,"column":8},"end":{"line":54,"column":80}},"25":{"start":{"line":56,"column":6},"end":{"line":56,"column":18}},"26":{"start":{"line":58,"column":6},"end":{"line":58,"column":43}},"27":{"start":{"line":59,"column":6},"end":{"line":59,"column":56}},"28":{"start":{"line":64,"column":4},"end":{"line":78,"column":5}},"29":{"start":{"line":65,"column":18},"end":{"line":69,"column":8}},"30":{"start":{"line":70,"column":19},"end":{"line":70,"column":35}},"31":{"start":{"line":71,"column":6},"end":{"line":73,"column":7}},"32":{"start":{"line":72,"column":8},"end":{"line":72,"column":80}},"33":{"start":{"line":74,"column":6},"end":{"line":74,"column":18}},"34":{"start":{"line":76,"column":6},"end":{"line":76,"column":43}},"35":{"start":{"line":77,"column":6},"end":{"line":77,"column":56}},"36":{"start":{"line":82,"column":28},"end":{"line":87,"column":16}},"37":{"start":{"line":88,"column":4},"end":{"line":88,"column":27}},"38":{"start":{"line":88,"column":15},"end":{"line":88,"column":27}},"39":{"start":{"line":89,"column":4},"end":{"line":89,"column":16}},"40":{"start":{"line":93,"column":28},"end":{"line":93,"column":87}},"41":{"start":{"line":94,"column":4},"end":{"line":94,"column":27}},"42":{"start":{"line":94,"column":15},"end":{"line":94,"column":27}},"43":{"start":{"line":95,"column":4},"end":{"line":95,"column":19}},"44":{"start":{"line":99,"column":4},"end":{"line":113,"column":5}},"45":{"start":{"line":100,"column":18},"end":{"line":104,"column":8}},"46":{"start":{"line":105,"column":19},"end":{"line":105,"column":35}},"47":{"start":{"line":106,"column":6},"end":{"line":108,"column":7}},"48":{"start":{"line":107,"column":8},"end":{"line":107,"column":80}},"49":{"start":{"line":109,"column":6},"end":{"line":109,"column":18}},"50":{"start":{"line":111,"column":6},"end":{"line":111,"column":43}},"51":{"start":{"line":112,"column":6},"end":{"line":112,"column":56}},"52":{"start":{"line":117,"column":4},"end":{"line":137,"column":5}},"53":{"start":{"line":118,"column":21},"end":{"line":118,"column":67}},"54":{"start":{"line":119,"column":18},"end":{"line":128,"column":8}},"55":{"start":{"line":129,"column":19},"end":{"line":129,"column":35}},"56":{"start":{"line":130,"column":6},"end":{"line":132,"column":7}},"57":{"start":{"line":131,"column":8},"end":{"line":131,"column":80}},"58":{"start":{"line":133,"column":6},"end":{"line":133,"column":18}},"59":{"start":{"line":135,"column":6},"end":{"line":135,"column":43}},"60":{"start":{"line":136,"column":6},"end":{"line":136,"column":56}},"61":{"start":{"line":141,"column":4},"end":{"line":164,"column":5}},"62":{"start":{"line":142,"column":21},"end":{"line":142,"column":67}},"63":{"start":{"line":143,"column":18},"end":{"line":152,"column":8}},"64":{"start":{"line":153,"column":19},"end":{"line":153,"column":35}},"65":{"start":{"line":154,"column":6},"end":{"line":156,"column":7}},"66":{"start":{"line":155,"column":8},"end":{"line":155,"column":79}},"67":{"start":{"line":157,"column":6},"end":{"line":159,"column":7}},"68":{"start":{"line":158,"column":8},"end":{"line":158,"column":30}},"69":{"start":{"line":160,"column":6},"end":{"line":160,"column":18}},"70":{"start":{"line":162,"column":6},"end":{"line":162,"column":43}},"71":{"start":{"line":163,"column":6},"end":{"line":163,"column":16}},"72":{"start":{"line":168,"column":4},"end":{"line":180,"column":5}},"73":{"start":{"line":169,"column":30},"end":{"line":174,"column":18}},"74":{"start":{"line":175,"column":6},"end":{"line":175,"column":29}},"75":{"start":{"line":175,"column":17},"end":{"line":175,"column":29}},"76":{"start":{"line":176,"column":6},"end":{"line":176,"column":21}},"77":{"start":{"line":178,"column":6},"end":{"line":178,"column":50}},"78":{"start":{"line":179,"column":6},"end":{"line":179,"column":18}},"79":{"start":{"line":184,"column":4},"end":{"line":201,"column":5}},"80":{"start":{"line":185,"column":18},"end":{"line":189,"column":49}},"81":{"start":{"line":191,"column":6},"end":{"line":193,"column":7}},"82":{"start":{"line":192,"column":8},"end":{"line":192,"column":52}},"83":{"start":{"line":195,"column":30},"end":{"line":195,"column":51}},"84":{"start":{"line":196,"column":6},"end":{"line":196,"column":29}},"85":{"start":{"line":196,"column":17},"end":{"line":196,"column":29}},"86":{"start":{"line":197,"column":6},"end":{"line":197,"column":24}},"87":{"start":{"line":199,"column":6},"end":{"line":199,"column":65}},"88":{"start":{"line":200,"column":6},"end":{"line":200,"column":16}},"89":{"start":{"line":205,"column":4},"end":{"line":219,"column":5}},"90":{"start":{"line":206,"column":18},"end":{"line":210,"column":8}},"91":{"start":{"line":211,"column":19},"end":{"line":211,"column":35}},"92":{"start":{"line":212,"column":6},"end":{"line":214,"column":7}},"93":{"start":{"line":213,"column":8},"end":{"line":213,"column":80}},"94":{"start":{"line":215,"column":6},"end":{"line":215,"column":18}},"95":{"start":{"line":217,"column":6},"end":{"line":217,"column":43}},"96":{"start":{"line":218,"column":6},"end":{"line":218,"column":56}}},"fnMap":{"0":{"name":"(anonymous_0)","decl":{"start":{"line":14,"column":20},"end":{"line":14,"column":21}},"loc":{"start":{"line":14,"column":41},"end":{"line":22,"column":1}},"line":14},"1":{"name":"(anonymous_1)","decl":{"start":{"line":26,"column":2},"end":{"line":26,"column":3}},"loc":{"start":{"line":26,"column":43},"end":{"line":43,"column":3}},"line":26},"2":{"name":"(anonymous_2)","decl":{"start":{"line":45,"column":2},"end":{"line":45,"column":3}},"loc":{"start":{"line":45,"column":43},"end":{"line":61,"column":3}},"line":45},"3":{"name":"(anonymous_3)","decl":{"start":{"line":63,"column":2},"end":{"line":63,"column":3}},"loc":{"start":{"line":63,"column":46},"end":{"line":79,"column":3}},"line":63},"4":{"name":"(anonymous_4)","decl":{"start":{"line":81,"column":2},"end":{"line":81,"column":3}},"loc":{"start":{"line":81,"column":27},"end":{"line":90,"column":3}},"line":81},"5":{"name":"(anonymous_5)","decl":{"start":{"line":92,"column":2},"end":{"line":92,"column":3}},"loc":{"start":{"line":92,"column":31},"end":{"line":96,"column":3}},"line":92},"6":{"name":"(anonymous_6)","decl":{"start":{"line":98,"column":2},"end":{"line":98,"column":3}},"loc":{"start":{"line":98,"column":35},"end":{"line":114,"column":3}},"line":98},"7":{"name":"(anonymous_7)","decl":{"start":{"line":116,"column":2},"end":{"line":116,"column":3}},"loc":{"start":{"line":116,"column":64},"end":{"line":138,"column":3}},"line":116},"8":{"name":"(anonymous_8)","decl":{"start":{"line":140,"column":2},"end":{"line":140,"column":3}},"loc":{"start":{"line":140,"column":89},"end":{"line":165,"column":3}},"line":140},"9":{"name":"(anonymous_9)","decl":{"start":{"line":167,"column":2},"end":{"line":167,"column":3}},"loc":{"start":{"line":167,"column":62},"end":{"line":181,"column":3}},"line":167},"10":{"name":"(anonymous_10)","decl":{"start":{"line":183,"column":2},"end":{"line":183,"column":3}},"loc":{"start":{"line":183,"column":58},"end":{"line":202,"column":3}},"line":183},"11":{"name":"(anonymous_11)","decl":{"start":{"line":204,"column":2},"end":{"line":204,"column":3}},"loc":{"start":{"line":204,"column":24},"end":{"line":220,"column":3}},"line":204}},"branchMap":{"0":{"loc":{"start":{"line":15,"column":2},"end":{"line":17,"column":3}},"type":"if","locations":[{"start":{"line":15,"column":2},"end":{"line":17,"column":3}},{"start":{},"end":{}}],"line":15},"1":{"loc":{"start":{"line":16,"column":29},"end":{"line":16,"column":82}},"type":"binary-expr","locations":[{"start":{"line":16,"column":29},"end":{"line":16,"column":36}},{"start":{"line":16,"column":40},"end":{"line":16,"column":82}}],"line":16},"2":{"loc":{"start":{"line":18,"column":2},"end":{"line":20,"column":3}},"type":"if","locations":[{"start":{"line":18,"column":2},"end":{"line":20,"column":3}},{"start":{},"end":{}}],"line":18},"3":{"loc":{"start":{"line":19,"column":33},"end":{"line":19,"column":60}},"type":"binary-expr","locations":[{"start":{"line":19,"column":33},"end":{"line":19,"column":40}},{"start":{"line":19,"column":44},"end":{"line":19,"column":60}}],"line":19},"4":{"loc":{"start":{"line":21,"column":9},"end":{"line":21,"column":44}},"type":"binary-expr","locations":[{"start":{"line":21,"column":9},"end":{"line":21,"column":16}},{"start":{"line":21,"column":20},"end":{"line":21,"column":44}}],"line":21},"5":{"loc":{"start":{"line":26,"column":29},"end":{"line":26,"column":41}},"type":"default-arg","locations":[{"start":{"line":26,"column":39},"end":{"line":26,"column":41}}],"line":26},"6":{"loc":{"start":{"line":27,"column":17},"end":{"line":27,"column":105}},"type":"cond-expr","locations":[{"start":{"line":27,"column":47},"end":{"line":27,"column":76}},{"start":{"line":27,"column":79},"end":{"line":27,"column":105}}],"line":27},"7":{"loc":{"start":{"line":35,"column":6},"end":{"line":37,"column":7}},"type":"if","locations":[{"start":{"line":35,"column":6},"end":{"line":37,"column":7}},{"start":{},"end":{}}],"line":35},"8":{"loc":{"start":{"line":36,"column":48},"end":{"line":36,"column":76}},"type":"binary-expr","locations":[{"start":{"line":36,"column":48},"end":{"line":36,"column":58}},{"start":{"line":36,"column":62},"end":{"line":36,"column":76}}],"line":36},"9":{"loc":{"start":{"line":45,"column":28},"end":{"line":45,"column":41}},"type":"default-arg","locations":[{"start":{"line":45,"column":35},"end":{"line":45,"column":41}}],"line":45},"10":{"loc":{"start":{"line":53,"column":6},"end":{"line":55,"column":7}},"type":"if","locations":[{"start":{"line":53,"column":6},"end":{"line":55,"column":7}},{"start":{},"end":{}}],"line":53},"11":{"loc":{"start":{"line":54,"column":48},"end":{"line":54,"column":76}},"type":"binary-expr","locations":[{"start":{"line":54,"column":48},"end":{"line":54,"column":58}},{"start":{"line":54,"column":62},"end":{"line":54,"column":76}}],"line":54},"12":{"loc":{"start":{"line":63,"column":30},"end":{"line":63,"column":44}},"type":"default-arg","locations":[{"start":{"line":63,"column":42},"end":{"line":63,"column":44}}],"line":63},"13":{"loc":{"start":{"line":71,"column":6},"end":{"line":73,"column":7}},"type":"if","locations":[{"start":{"line":71,"column":6},"end":{"line":73,"column":7}},{"start":{},"end":{}}],"line":71},"14":{"loc":{"start":{"line":72,"column":48},"end":{"line":72,"column":76}},"type":"binary-expr","locations":[{"start":{"line":72,"column":48},"end":{"line":72,"column":58}},{"start":{"line":72,"column":62},"end":{"line":72,"column":76}}],"line":72},"15":{"loc":{"start":{"line":88,"column":4},"end":{"line":88,"column":27}},"type":"if","locations":[{"start":{"line":88,"column":4},"end":{"line":88,"column":27}},{"start":{},"end":{}}],"line":88},"16":{"loc":{"start":{"line":94,"column":4},"end":{"line":94,"column":27}},"type":"if","locations":[{"start":{"line":94,"column":4},"end":{"line":94,"column":27}},{"start":{},"end":{}}],"line":94},"17":{"loc":{"start":{"line":106,"column":6},"end":{"line":108,"column":7}},"type":"if","locations":[{"start":{"line":106,"column":6},"end":{"line":108,"column":7}},{"start":{},"end":{}}],"line":106},"18":{"loc":{"start":{"line":107,"column":48},"end":{"line":107,"column":76}},"type":"binary-expr","locations":[{"start":{"line":107,"column":48},"end":{"line":107,"column":58}},{"start":{"line":107,"column":62},"end":{"line":107,"column":76}}],"line":107},"19":{"loc":{"start":{"line":116,"column":45},"end":{"line":116,"column":62}},"type":"default-arg","locations":[{"start":{"line":116,"column":58},"end":{"line":116,"column":62}}],"line":116},"20":{"loc":{"start":{"line":118,"column":21},"end":{"line":118,"column":67}},"type":"binary-expr","locations":[{"start":{"line":118,"column":21},"end":{"line":118,"column":52}},{"start":{"line":118,"column":56},"end":{"line":118,"column":67}}],"line":118},"21":{"loc":{"start":{"line":123,"column":19},"end":{"line":123,"column":85}},"type":"binary-expr","locations":[{"start":{"line":123,"column":19},"end":{"line":123,"column":79}},{"start":{"line":123,"column":83},"end":{"line":123,"column":85}}],"line":123},"22":{"loc":{"start":{"line":130,"column":6},"end":{"line":132,"column":7}},"type":"if","locations":[{"start":{"line":130,"column":6},"end":{"line":132,"column":7}},{"start":{},"end":{}}],"line":130},"23":{"loc":{"start":{"line":131,"column":48},"end":{"line":131,"column":76}},"type":"binary-expr","locations":[{"start":{"line":131,"column":48},"end":{"line":131,"column":58}},{"start":{"line":131,"column":62},"end":{"line":131,"column":76}}],"line":131},"24":{"loc":{"start":{"line":140,"column":54},"end":{"line":140,"column":71}},"type":"default-arg","locations":[{"start":{"line":140,"column":67},"end":{"line":140,"column":71}}],"line":140},"25":{"loc":{"start":{"line":140,"column":73},"end":{"line":140,"column":87}},"type":"default-arg","locations":[{"start":{"line":140,"column":83},"end":{"line":140,"column":87}}],"line":140},"26":{"loc":{"start":{"line":142,"column":21},"end":{"line":142,"column":67}},"type":"binary-expr","locations":[{"start":{"line":142,"column":21},"end":{"line":142,"column":52}},{"start":{"line":142,"column":56},"end":{"line":142,"column":67}}],"line":142},"27":{"loc":{"start":{"line":147,"column":19},"end":{"line":147,"column":85}},"type":"binary-expr","locations":[{"start":{"line":147,"column":19},"end":{"line":147,"column":79}},{"start":{"line":147,"column":83},"end":{"line":147,"column":85}}],"line":147},"28":{"loc":{"start":{"line":154,"column":6},"end":{"line":156,"column":7}},"type":"if","locations":[{"start":{"line":154,"column":6},"end":{"line":156,"column":7}},{"start":{},"end":{}}],"line":154},"29":{"loc":{"start":{"line":155,"column":48},"end":{"line":155,"column":76}},"type":"binary-expr","locations":[{"start":{"line":155,"column":48},"end":{"line":155,"column":58}},{"start":{"line":155,"column":62},"end":{"line":155,"column":76}}],"line":155},"30":{"loc":{"start":{"line":157,"column":6},"end":{"line":159,"column":7}},"type":"if","locations":[{"start":{"line":157,"column":6},"end":{"line":159,"column":7}},{"start":{},"end":{}}],"line":157},"31":{"loc":{"start":{"line":157,"column":10},"end":{"line":157,"column":33}},"type":"binary-expr","locations":[{"start":{"line":157,"column":10},"end":{"line":157,"column":17}},{"start":{"line":157,"column":21},"end":{"line":157,"column":33}}],"line":157},"32":{"loc":{"start":{"line":167,"column":43},"end":{"line":167,"column":60}},"type":"default-arg","locations":[{"start":{"line":167,"column":56},"end":{"line":167,"column":60}}],"line":167},"33":{"loc":{"start":{"line":175,"column":6},"end":{"line":175,"column":29}},"type":"if","locations":[{"start":{"line":175,"column":6},"end":{"line":175,"column":29}},{"start":{},"end":{}}],"line":175},"34":{"loc":{"start":{"line":183,"column":39},"end":{"line":183,"column":56}},"type":"default-arg","locations":[{"start":{"line":183,"column":52},"end":{"line":183,"column":56}}],"line":183},"35":{"loc":{"start":{"line":191,"column":6},"end":{"line":193,"column":7}},"type":"if","locations":[{"start":{"line":191,"column":6},"end":{"line":193,"column":7}},{"start":{},"end":{}}],"line":191},"36":{"loc":{"start":{"line":196,"column":6},"end":{"line":196,"column":29}},"type":"if","locations":[{"start":{"line":196,"column":6},"end":{"line":196,"column":29}},{"start":{},"end":{}}],"line":196},"37":{"loc":{"start":{"line":197,"column":13},"end":{"line":197,"column":23}},"type":"binary-expr","locations":[{"start":{"line":197,"column":13},"end":{"line":197,"column":17}},{"start":{"line":197,"column":21},"end":{"line":197,"column":23}}],"line":197},"38":{"loc":{"start":{"line":212,"column":6},"end":{"line":214,"column":7}},"type":"if","locations":[{"start":{"line":212,"column":6},"end":{"line":214,"column":7}},{"start":{},"end":{}}],"line":212},"39":{"loc":{"start":{"line":213,"column":48},"end":{"line":213,"column":76}},"type":"binary-expr","locations":[{"start":{"line":213,"column":48},"end":{"line":213,"column":58}},{"start":{"line":213,"column":62},"end":{"line":213,"column":76}}],"line":213}},"s":{"0":1,"1":1,"2":1,"3":1,"4":1,"5":0,"6":0,"7":0,"8":0,"9":0,"10":1,"11":0,"12":0,"13":0,"14":0,"15":0,"16":0,"17":0,"18":0,"19":0,"20":0,"21":0,"22":0,"23":0,"24":0,"25":0,"26":0,"27":0,"28":0,"29":0,"30":0,"31":0,"32":0,"33":0,"34":0,"35":0,"36":0,"37":0,"38":0,"39":0,"40":0,"41":0,"42":0,"43":0,"44":0,"45":0,"46":0,"47":0,"48":0,"49":0,"50":0,"51":0,"52":0,"53":0,"54":0,"55":0,"56":0,"57":0,"58":0,"59":0,"60":0,"61":0,"62":0,"63":0,"64":0,"65":0,"66":0,"67":0,"68":0,"69":0,"70":0,"71":0,"72":0,"73":0,"74":0,"75":0,"76":0,"77":0,"78":0,"79":0,"80":0,"81":0,"82":0,"83":0,"84":0,"85":0,"86":0,"87":0,"88":0,"89":0,"90":0,"91":0,"92":0,"93":0,"94":0,"95":0,"96":0},"f":{"0":0,"1":0,"2":0,"3":0,"4":0,"5":0,"6":0,"7":0,"8":0,"9":0,"10":0,"11":0},"b":{"0":[0,0],"1":[0,0],"2":[0,0],"3":[0,0],"4":[0,0],"5":[0],"6":[0,0],"7":[0,0],"8":[0,0],"9":[0],"10":[0,0],"11":[0,0],"12":[0],"13":[0,0],"14":[0,0],"15":[0,0],"16":[0,0],"17":[0,0],"18":[0,0],"19":[0],"20":[0,0],"21":[0,0],"22":[0,0],"23":[0,0],"24":[0],"25":[0],"26":[0,0],"27":[0,0],"28":[0,0],"29":[0,0],"30":[0,0],"31":[0,0],"32":[0],"33":[0,0],"34":[0],"35":[0,0],"36":[0,0],"37":[0,0],"38":[0,0],"39":[0,0]},"_coverageSchema":"1a1c01bbd47fc00a2c39e90264f33305004495a9","hash":"c058cf10cf49a4935acafb684d2392e4cd795a2f"}
,"E:\\Unbiased ai\\unbiased-ai\\frontend\\src\\components\\BiasComparisonMatrix.js": {"path":"E:\\Unbiased ai\\unbiased-ai\\frontend\\src\\components\\BiasComparisonMatrix.js","statementMap":{"0":{"start":{"line":9,"column":2},"end":{"line":9,"column":40}},"1":{"start":{"line":9,"column":28},"end":{"line":9,"column":40}},"2":{"start":{"line":11,"column":23},"end":{"line":14,"column":4}},"3":{"start":{"line":16,"column":19},"end":{"line":35,"column":3}},"4":{"start":{"line":17,"column":4},"end":{"line":17,"column":80}},"5":{"start":{"line":17,"column":47},"end":{"line":17,"column":80}},"6":{"start":{"line":19,"column":19},"end":{"line":27,"column":5}},"7":{"start":{"line":29,"column":23},"end":{"line":29,"column":54}},"8":{"start":{"line":31,"column":4},"end":{"line":31,"column":43}},"9":{"start":{"line":31,"column":22},"end":{"line":31,"column":43}},"10":{"start":{"line":32,"column":4},"end":{"line":32,"column":42}},"11":{"start":{"line":32,"column":21},"end":{"line":32,"column":42}},"12":{"start":{"line":33,"column":4},"end":{"line":33,"column":43}},"13":{"start":{"line":33,"column":22},"end":{"line":33,"column":43}},"14":{"start":{"line":34,"column":4},"end":{"line":34,"column":25}},"15":{"start":{"line":37,"column":23},"end":{"line":48,"column":3}},"16":{"start":{"line":38,"column":18},"end":{"line":46,"column":5}},"17":{"start":{"line":47,"column":4},"end":{"line":47,"column":36}},"18":{"start":{"line":50,"column":25},"end":{"line":59,"column":3}},"19":{"start":{"line":61,"column":23},"end":{"line":68,"column":3}},"20":{"start":{"line":70,"column":2},"end":{"line":318,"column":4}},"21":{"start":{"line":157,"column":27},"end":{"line":157,"column":61}},"22":{"start":{"line":158,"column":27},"end":{"line":158,"column":61}},"23":{"start":{"line":159,"column":25},"end":{"line":159,"column":82}},"24":{"start":{"line":161,"column":12},"end":{"line":267,"column":14}},"25":{"start":{"line":200,"column":20},"end":{"line":200,"column":68}},"26":{"start":{"line":201,"column":20},"end":{"line":201,"column":75}},"27":{"start":{"line":204,"column":20},"end":{"line":204,"column":68}},"28":{"start":{"line":205,"column":20},"end":{"line":205,"column":61}},"29":{"start":{"line":241,"column":20},"end":{"line":241,"column":68}},"30":{"start":{"line":242,"column":20},"end":{"line":242,"column":75}},"31":{"start":{"line":245,"column":20},"end":{"line":245,"column":68}},"32":{"start":{"line":246,"column":20},"end":{"line":246,"column":61}},"33":{"start":{"line":294,"column":12},"end":{"line":313,"column":18}}},"fnMap":{"0":{"name":"BiasComparisonMatrix","decl":{"start":{"line":8,"column":24},"end":{"line":8,"column":44}},"loc":{"start":{"line":8,"column":67},"end":{"line":319,"column":1}},"line":8},"1":{"name":"(anonymous_1)","decl":{"start":{"line":16,"column":19},"end":{"line":16,"column":20}},"loc":{"start":{"line":16,"column":36},"end":{"line":35,"column":3}},"line":16},"2":{"name":"(anonymous_2)","decl":{"start":{"line":37,"column":23},"end":{"line":37,"column":24}},"loc":{"start":{"line":37,"column":40},"end":{"line":48,"column":3}},"line":37},"3":{"name":"(anonymous_3)","decl":{"start":{"line":156,"column":15},"end":{"line":156,"column":16}},"loc":{"start":{"line":156,"column":34},"end":{"line":268,"column":11}},"line":156},"4":{"name":"(anonymous_4)","decl":{"start":{"line":199,"column":32},"end":{"line":199,"column":33}},"loc":{"start":{"line":199,"column":39},"end":{"line":202,"column":19}},"line":199},"5":{"name":"(anonymous_5)","decl":{"start":{"line":203,"column":32},"end":{"line":203,"column":33}},"loc":{"start":{"line":203,"column":39},"end":{"line":206,"column":19}},"line":203},"6":{"name":"(anonymous_6)","decl":{"start":{"line":240,"column":32},"end":{"line":240,"column":33}},"loc":{"start":{"line":240,"column":39},"end":{"line":243,"column":19}},"line":240},"7":{"name":"(anonymous_7)","decl":{"start":{"line":244,"column":32},"end":{"line":244,"column":33}},"loc":{"start":{"line":244,"column":39},"end":{"line":247,"column":19}},"line":244},"8":{"name":"(anonymous_8)","decl":{"start":{"line":293,"column":56},"end":{"line":293,"column":57}},"loc":{"start":{"line":294,"column":12},"end":{"line":313,"column":18}},"line":294}},"branchMap":{"0":{"loc":{"start":{"line":9,"column":2},"end":{"line":9,"column":40}},"type":"if","locations":[{"start":{"line":9,"column":2},"end":{"line":9,"column":40}},{"start":{},"end":{}}],"line":9},"1":{"loc":{"start":{"line":9,"column":6},"end":{"line":9,"column":26}},"type":"binary-expr","locations":[{"start":{"line":9,"column":6},"end":{"line":9,"column":14}},{"start":{"line":9,"column":18},"end":{"line":9,"column":26}}],"line":9},"2":{"loc":{"start":{"line":12,"column":19},"end":{"line":12,"column":42}},"type":"binary-expr","locations":[{"start":{"line":12,"column":19},"end":{"line":12,"column":36}},{"start":{"line":12,"column":40},"end":{"line":12,"column":42}}],"line":12},"3":{"loc":{"start":{"line":13,"column":19},"end":{"line":13,"column":42}},"type":"binary-expr","locations":[{"start":{"line":13,"column":19},"end":{"line":13,"column":36}},{"start":{"line":13,"column":40},"end":{"line":13,"column":42}}],"line":13},"4":{"loc":{"start":{"line":17,"column":4},"end":{"line":17,"column":80}},"type":"if","locations":[{"start":{"line":17,"column":4},"end":{"line":17,"column":80}},{"start":{},"end":{}}],"line":17},"5":{"loc":{"start":{"line":17,"column":8},"end":{"line":17,"column":45}},"type":"binary-expr","locations":[{"start":{"line":17,"column":8},"end":{"line":17,"column":27}},{"start":{"line":17,"column":31},"end":{"line":17,"column":45}}],"line":17},"6":{"loc":{"start":{"line":29,"column":23},"end":{"line":29,"column":54}},"type":"binary-expr","locations":[{"start":{"line":29,"column":23},"end":{"line":29,"column":35}},{"start":{"line":29,"column":39},"end":{"line":29,"column":54}}],"line":29},"7":{"loc":{"start":{"line":31,"column":4},"end":{"line":31,"column":43}},"type":"if","locations":[{"start":{"line":31,"column":4},"end":{"line":31,"column":43}},{"start":{},"end":{}}],"line":31},"8":{"loc":{"start":{"line":32,"column":4},"end":{"line":32,"column":42}},"type":"if","locations":[{"start":{"line":32,"column":4},"end":{"line":32,"column":42}},{"start":{},"end":{}}],"line":32},"9":{"loc":{"start":{"line":33,"column":4},"end":{"line":33,"column":43}},"type":"if","locations":[{"start":{"line":33,"column":4},"end":{"line":33,"column":43}},{"start":{},"end":{}}],"line":33},"10":{"loc":{"start":{"line":47,"column":11},"end":{"line":47,"column":35}},"type":"binary-expr","locations":[{"start":{"line":47,"column":11},"end":{"line":47,"column":22}},{"start":{"line":47,"column":26},"end":{"line":47,"column":35}}],"line":47},"11":{"loc":{"start":{"line":157,"column":27},"end":{"line":157,"column":61}},"type":"binary-expr","locations":[{"start":{"line":157,"column":27},"end":{"line":157,"column":56}},{"start":{"line":157,"column":60},"end":{"line":157,"column":61}}],"line":157},"12":{"loc":{"start":{"line":158,"column":27},"end":{"line":158,"column":61}},"type":"binary-expr","locations":[{"start":{"line":158,"column":27},"end":{"line":158,"column":56}},{"start":{"line":158,"column":60},"end":{"line":158,"column":61}}],"line":158},"13":{"loc":{"start":{"line":159,"column":38},"end":{"line":159,"column":71}},"type":"cond-expr","locations":[{"start":{"line":159,"column":56},"end":{"line":159,"column":62}},{"start":{"line":159,"column":65},"end":{"line":159,"column":71}}],"line":159}},"s":{"0":0,"1":0,"2":0,"3":0,"4":0,"5":0,"6":0,"7":0,"8":0,"9":0,"10":0,"11":0,"12":0,"13":0,"14":0,"15":0,"16":0,"17":0,"18":0,"19":0,"20":0,"21":0,"22":0,"23":0,"24":0,"25":0,"26":0,"27":0,"28":0,"29":0,"30":0,"31":0,"32":0,"33":0},"f":{"0":0,"1":0,"2":0,"3":0,"4":0,"5":0,"6":0,"7":0,"8":0},"b":{"0":[0,0],"1":[0,0],"2":[0,0],"3":[0,0],"4":[0,0],"5":[0,0],"6":[0,0],"7":[0,0],"8":[0,0],"9":[0,0],"10":[0,0],"11":[0,0],"12":[0,0],"13":[0,0]}}
,"E:\\Unbiased ai\\unbiased-ai\\frontend\\src\\components\\BiasGlobe.js": {"path":"E:\\Unbiased ai\\unbiased-ai\\frontend\\src\\components\\BiasGlobe.js","statementMap":{"0":{"start":{"line":7,"column":19},"end":{"line":7,"column":27}},"1":{"start":{"line":8,"column":18},"end":{"line":8,"column":26}},"2":{"start":{"line":11,"column":2},"end":{"line":15,"column":5}},"3":{"start":{"line":12,"column":14},"end":{"line":12,"column":42}},"4":{"start":{"line":13,"column":4},"end":{"line":13,"column":64}},"5":{"start":{"line":13,"column":26},"end":{"line":13,"column":64}},"6":{"start":{"line":14,"column":4},"end":{"line":14,"column":62}},"7":{"start":{"line":14,"column":25},"end":{"line":14,"column":62}},"8":{"start":{"line":18,"column":17},"end":{"line":34,"column":8}},"9":{"start":{"line":19,"column":16},"end":{"line":19,"column":18}},"10":{"start":{"line":20,"column":18},"end":{"line":20,"column":22}},"11":{"start":{"line":21,"column":4},"end":{"line":32,"column":5}},"12":{"start":{"line":21,"column":17},"end":{"line":21,"column":18}},"13":{"start":{"line":22,"column":18},"end":{"line":22,"column":49}},"14":{"start":{"line":23,"column":20},"end":{"line":23,"column":52}},"15":{"start":{"line":24,"column":16},"end":{"line":24,"column":19}},"16":{"start":{"line":25,"column":6},"end":{"line":31,"column":8}},"17":{"start":{"line":33,"column":4},"end":{"line":33,"column":15}},"18":{"start":{"line":36,"column":2},"end":{"line":92,"column":4}},"19":{"start":{"line":54,"column":58},"end":{"line":54,"column":73}},"20":{"start":{"line":67,"column":8},"end":{"line":83,"column":16}},"21":{"start":{"line":96,"column":2},"end":{"line":105,"column":4}}},"fnMap":{"0":{"name":"GlobeContent","decl":{"start":{"line":6,"column":9},"end":{"line":6,"column":21}},"loc":{"start":{"line":6,"column":24},"end":{"line":93,"column":1}},"line":6},"1":{"name":"(anonymous_1)","decl":{"start":{"line":11,"column":11},"end":{"line":11,"column":12}},"loc":{"start":{"line":11,"column":22},"end":{"line":15,"column":3}},"line":11},"2":{"name":"(anonymous_2)","decl":{"start":{"line":18,"column":25},"end":{"line":18,"column":26}},"loc":{"start":{"line":18,"column":31},"end":{"line":34,"column":3}},"line":18},"3":{"name":"(anonymous_3)","decl":{"start":{"line":54,"column":51},"end":{"line":54,"column":52}},"loc":{"start":{"line":54,"column":58},"end":{"line":54,"column":73}},"line":54},"4":{"name":"(anonymous_4)","decl":{"start":{"line":66,"column":12},"end":{"line":66,"column":13}},"loc":{"start":{"line":67,"column":8},"end":{"line":83,"column":16}},"line":67},"5":{"name":"BiasGlobe","decl":{"start":{"line":95,"column":24},"end":{"line":95,"column":33}},"loc":{"start":{"line":95,"column":36},"end":{"line":106,"column":1}},"line":95}},"branchMap":{"0":{"loc":{"start":{"line":13,"column":4},"end":{"line":13,"column":64}},"type":"if","locations":[{"start":{"line":13,"column":4},"end":{"line":13,"column":64}},{"start":{},"end":{}}],"line":13},"1":{"loc":{"start":{"line":14,"column":4},"end":{"line":14,"column":62}},"type":"if","locations":[{"start":{"line":14,"column":4},"end":{"line":14,"column":62}},{"start":{},"end":{}}],"line":14}},"s":{"0":0,"1":0,"2":0,"3":0,"4":0,"5":0,"6":0,"7":0,"8":0,"9":0,"10":0,"11":0,"12":0,"13":0,"14":0,"15":0,"16":0,"17":0,"18":0,"19":0,"20":0,"21":0},"f":{"0":0,"1":0,"2":0,"3":0,"4":0,"5":0},"b":{"0":[0,0],"1":[0,0]}}
,"E:\\Unbiased ai\\unbiased-ai\\frontend\\src\\components\\BiasMeter.js": {"path":"E:\\Unbiased ai\\unbiased-ai\\frontend\\src\\components\\BiasMeter.js","statementMap":{"0":{"start":{"line":4,"column":20},"end":{"line":4,"column":32}},"1":{"start":{"line":6,"column":2},"end":{"line":111,"column":20}},"2":{"start":{"line":7,"column":19},"end":{"line":7,"column":36}},"3":{"start":{"line":8,"column":4},"end":{"line":8,"column":24}},"4":{"start":{"line":8,"column":17},"end":{"line":8,"column":24}},"5":{"start":{"line":9,"column":16},"end":{"line":9,"column":39}},"6":{"start":{"line":10,"column":15},"end":{"line":10,"column":23}},"7":{"start":{"line":10,"column":30},"end":{"line":10,"column":38}},"8":{"start":{"line":11,"column":14},"end":{"line":11,"column":27}},"9":{"start":{"line":12,"column":18},"end":{"line":12,"column":19}},"10":{"start":{"line":15,"column":21},"end":{"line":19,"column":5}},"11":{"start":{"line":16,"column":6},"end":{"line":16,"column":49}},"12":{"start":{"line":16,"column":19},"end":{"line":16,"column":49}},"13":{"start":{"line":17,"column":6},"end":{"line":17,"column":49}},"14":{"start":{"line":17,"column":19},"end":{"line":17,"column":49}},"15":{"start":{"line":18,"column":6},"end":{"line":18,"column":36}},"16":{"start":{"line":21,"column":17},"end":{"line":97,"column":5}},"17":{"start":{"line":22,"column":6},"end":{"line":22,"column":38}},"18":{"start":{"line":25,"column":6},"end":{"line":25,"column":22}},"19":{"start":{"line":26,"column":6},"end":{"line":26,"column":56}},"20":{"start":{"line":27,"column":6},"end":{"line":27,"column":49}},"21":{"start":{"line":28,"column":6},"end":{"line":28,"column":25}},"22":{"start":{"line":29,"column":6},"end":{"line":29,"column":28}},"23":{"start":{"line":30,"column":6},"end":{"line":30,"column":19}},"24":{"start":{"line":33,"column":6},"end":{"line":45,"column":7}},"25":{"start":{"line":33,"column":19},"end":{"line":33,"column":20}},"26":{"start":{"line":34,"column":22},"end":{"line":34,"column":63}},"27":{"start":{"line":35,"column":19},"end":{"line":35,"column":49}},"28":{"start":{"line":36,"column":19},"end":{"line":36,"column":49}},"29":{"start":{"line":37,"column":19},"end":{"line":37,"column":50}},"30":{"start":{"line":38,"column":19},"end":{"line":38,"column":50}},"31":{"start":{"line":39,"column":8},"end":{"line":39,"column":24}},"32":{"start":{"line":40,"column":8},"end":{"line":40,"column":27}},"33":{"start":{"line":41,"column":8},"end":{"line":41,"column":27}},"34":{"start":{"line":42,"column":8},"end":{"line":42,"column":73}},"35":{"start":{"line":43,"column":8},"end":{"line":43,"column":44}},"36":{"start":{"line":44,"column":8},"end":{"line":44,"column":21}},"37":{"start":{"line":48,"column":19},"end":{"line":48,"column":32}},"38":{"start":{"line":49,"column":25},"end":{"line":49,"column":39}},"39":{"start":{"line":50,"column":23},"end":{"line":50,"column":55}},"40":{"start":{"line":52,"column":19},"end":{"line":52,"column":58}},"41":{"start":{"line":53,"column":6},"end":{"line":53,"column":38}},"42":{"start":{"line":54,"column":6},"end":{"line":54,"column":40}},"43":{"start":{"line":55,"column":6},"end":{"line":55,"column":38}},"44":{"start":{"line":57,"column":6},"end":{"line":57,"column":22}},"45":{"start":{"line":58,"column":6},"end":{"line":58,"column":47}},"46":{"start":{"line":59,"column":6},"end":{"line":59,"column":29}},"47":{"start":{"line":60,"column":6},"end":{"line":60,"column":25}},"48":{"start":{"line":61,"column":6},"end":{"line":61,"column":28}},"49":{"start":{"line":62,"column":6},"end":{"line":62,"column":26}},"50":{"start":{"line":63,"column":6},"end":{"line":63,"column":27}},"51":{"start":{"line":64,"column":6},"end":{"line":64,"column":19}},"52":{"start":{"line":65,"column":6},"end":{"line":65,"column":25}},"53":{"start":{"line":68,"column":26},"end":{"line":68,"column":58}},"54":{"start":{"line":69,"column":17},"end":{"line":69,"column":53}},"55":{"start":{"line":70,"column":17},"end":{"line":70,"column":53}},"56":{"start":{"line":71,"column":6},"end":{"line":71,"column":22}},"57":{"start":{"line":72,"column":6},"end":{"line":72,"column":41}},"58":{"start":{"line":73,"column":6},"end":{"line":73,"column":25}},"59":{"start":{"line":74,"column":6},"end":{"line":74,"column":26}},"60":{"start":{"line":75,"column":6},"end":{"line":75,"column":27}},"61":{"start":{"line":76,"column":6},"end":{"line":76,"column":17}},"62":{"start":{"line":77,"column":6},"end":{"line":77,"column":25}},"63":{"start":{"line":80,"column":6},"end":{"line":80,"column":22}},"64":{"start":{"line":81,"column":6},"end":{"line":81,"column":42}},"65":{"start":{"line":82,"column":6},"end":{"line":82,"column":42}},"66":{"start":{"line":83,"column":6},"end":{"line":83,"column":17}},"67":{"start":{"line":84,"column":6},"end":{"line":84,"column":48}},"68":{"start":{"line":85,"column":6},"end":{"line":85,"column":24}},"69":{"start":{"line":86,"column":6},"end":{"line":86,"column":19}},"70":{"start":{"line":89,"column":6},"end":{"line":89,"column":25}},"71":{"start":{"line":90,"column":6},"end":{"line":90,"column":64}},"72":{"start":{"line":91,"column":6},"end":{"line":91,"column":31}},"73":{"start":{"line":92,"column":6},"end":{"line":92,"column":34}},"74":{"start":{"line":93,"column":6},"end":{"line":93,"column":25}},"75":{"start":{"line":94,"column":6},"end":{"line":94,"column":27}},"76":{"start":{"line":95,"column":6},"end":{"line":95,"column":50}},"77":{"start":{"line":96,"column":6},"end":{"line":96,"column":25}},"78":{"start":{"line":99,"column":20},"end":{"line":107,"column":5}},"79":{"start":{"line":100,"column":6},"end":{"line":106,"column":7}},"80":{"start":{"line":101,"column":8},"end":{"line":101,"column":51}},"81":{"start":{"line":102,"column":8},"end":{"line":102,"column":22}},"82":{"start":{"line":103,"column":8},"end":{"line":103,"column":48}},"83":{"start":{"line":105,"column":8},"end":{"line":105,"column":20}},"84":{"start":{"line":109,"column":4},"end":{"line":109,"column":14}},"85":{"start":{"line":110,"column":4},"end":{"line":110,"column":46}},"86":{"start":{"line":110,"column":17},"end":{"line":110,"column":45}},"87":{"start":{"line":113,"column":2},"end":{"line":123,"column":4}}},"fnMap":{"0":{"name":"BiasMeter","decl":{"start":{"line":3,"column":24},"end":{"line":3,"column":33}},"loc":{"start":{"line":3,"column":73},"end":{"line":124,"column":1}},"line":3},"1":{"name":"(anonymous_1)","decl":{"start":{"line":6,"column":12},"end":{"line":6,"column":13}},"loc":{"start":{"line":6,"column":18},"end":{"line":111,"column":3}},"line":6},"2":{"name":"(anonymous_2)","decl":{"start":{"line":15,"column":21},"end":{"line":15,"column":22}},"loc":{"start":{"line":15,"column":28},"end":{"line":19,"column":5}},"line":15},"3":{"name":"(anonymous_3)","decl":{"start":{"line":21,"column":17},"end":{"line":21,"column":18}},"loc":{"start":{"line":21,"column":26},"end":{"line":97,"column":5}},"line":21},"4":{"name":"(anonymous_4)","decl":{"start":{"line":99,"column":20},"end":{"line":99,"column":21}},"loc":{"start":{"line":99,"column":26},"end":{"line":107,"column":5}},"line":99},"5":{"name":"(anonymous_5)","decl":{"start":{"line":110,"column":11},"end":{"line":110,"column":12}},"loc":{"start":{"line":110,"column":17},"end":{"line":110,"column":45}},"line":110}},"branchMap":{"0":{"loc":{"start":{"line":3,"column":36},"end":{"line":3,"column":45}},"type":"default-arg","locations":[{"start":{"line":3,"column":44},"end":{"line":3,"column":45}}],"line":3},"1":{"loc":{"start":{"line":3,"column":47},"end":{"line":3,"column":57}},"type":"default-arg","locations":[{"start":{"line":3,"column":55},"end":{"line":3,"column":57}}],"line":3},"2":{"loc":{"start":{"line":3,"column":59},"end":{"line":3,"column":69}},"type":"default-arg","locations":[{"start":{"line":3,"column":66},"end":{"line":3,"column":69}}],"line":3},"3":{"loc":{"start":{"line":8,"column":4},"end":{"line":8,"column":24}},"type":"if","locations":[{"start":{"line":8,"column":4},"end":{"line":8,"column":24}},{"start":{},"end":{}}],"line":8},"4":{"loc":{"start":{"line":16,"column":6},"end":{"line":16,"column":49}},"type":"if","locations":[{"start":{"line":16,"column":6},"end":{"line":16,"column":49}},{"start":{},"end":{}}],"line":16},"5":{"loc":{"start":{"line":17,"column":6},"end":{"line":17,"column":49}},"type":"if","locations":[{"start":{"line":17,"column":6},"end":{"line":17,"column":49}},{"start":{},"end":{}}],"line":17},"6":{"loc":{"start":{"line":42,"column":46},"end":{"line":42,"column":69}},"type":"cond-expr","locations":[{"start":{"line":42,"column":60},"end":{"line":42,"column":63}},{"start":{"line":42,"column":66},"end":{"line":42,"column":69}}],"line":42},"7":{"loc":{"start":{"line":43,"column":24},"end":{"line":43,"column":43}},"type":"cond-expr","locations":[{"start":{"line":43,"column":38},"end":{"line":43,"column":39}},{"start":{"line":43,"column":42},"end":{"line":43,"column":43}}],"line":43},"8":{"loc":{"start":{"line":100,"column":6},"end":{"line":106,"column":7}},"type":"if","locations":[{"start":{"line":100,"column":6},"end":{"line":106,"column":7}},{"start":{"line":104,"column":13},"end":{"line":106,"column":7}}],"line":100},"9":{"loc":{"start":{"line":116,"column":7},"end":{"line":121,"column":7}},"type":"binary-expr","locations":[{"start":{"line":116,"column":7},"end":{"line":116,"column":12}},{"start":{"line":117,"column":8},"end":{"line":120,"column":24}}],"line":116}},"s":{"0":0,"1":0,"2":0,"3":0,"4":0,"5":0,"6":0,"7":0,"8":0,"9":0,"10":0,"11":0,"12":0,"13":0,"14":0,"15":0,"16":0,"17":0,"18":0,"19":0,"20":0,"21":0,"22":0,"23":0,"24":0,"25":0,"26":0,"27":0,"28":0,"29":0,"30":0,"31":0,"32":0,"33":0,"34":0,"35":0,"36":0,"37":0,"38":0,"39":0,"40":0,"41":0,"42":0,"43":0,"44":0,"45":0,"46":0,"47":0,"48":0,"49":0,"50":0,"51":0,"52":0,"53":0,"54":0,"55":0,"56":0,"57":0,"58":0,"59":0,"60":0,"61":0,"62":0,"63":0,"64":0,"65":0,"66":0,"67":0,"68":0,"69":0,"70":0,"71":0,"72":0,"73":0,"74":0,"75":0,"76":0,"77":0,"78":0,"79":0,"80":0,"81":0,"82":0,"83":0,"84":0,"85":0,"86":0,"87":0},"f":{"0":0,"1":0,"2":0,"3":0,"4":0,"5":0},"b":{"0":[0],"1":[0],"2":[0],"3":[0,0],"4":[0,0],"5":[0,0],"6":[0,0],"7":[0,0],"8":[0,0],"9":[0,0]}}
,"E:\\Unbiased ai\\unbiased-ai\\frontend\\src\\components\\BiasVectorGraph.js": {"path":"E:\\Unbiased ai\\unbiased-ai\\frontend\\src\\components\\BiasVectorGraph.js","statementMap":{"0":{"start":{"line":9,"column":32},"end":{"line":9,"column":44}},"1":{"start":{"line":10,"column":34},"end":{"line":10,"column":45}},"2":{"start":{"line":12,"column":2},"end":{"line":25,"column":17}},"3":{"start":{"line":13,"column":4},"end":{"line":13,"column":37}},"4":{"start":{"line":13,"column":30},"end":{"line":13,"column":37}},"5":{"start":{"line":16,"column":24},"end":{"line":21,"column":7}},"6":{"start":{"line":16,"column":83},"end":{"line":21,"column":5}},"7":{"start":{"line":23,"column":4},"end":{"line":23,"column":28}},"8":{"start":{"line":24,"column":4},"end":{"line":24,"column":65}},"9":{"start":{"line":24,"column":51},"end":{"line":24,"column":58}},"10":{"start":{"line":27,"column":23},"end":{"line":39,"column":3}},"11":{"start":{"line":28,"column":19},"end":{"line":37,"column":5}},"12":{"start":{"line":38,"column":4},"end":{"line":38,"column":56}},"13":{"start":{"line":41,"column":27},"end":{"line":47,"column":3}},"14":{"start":{"line":42,"column":19},"end":{"line":42,"column":42}},"15":{"start":{"line":43,"column":4},"end":{"line":46,"column":6}},"16":{"start":{"line":50,"column":21},"end":{"line":50,"column":22}},"17":{"start":{"line":51,"column":20},"end":{"line":60,"column":4}},"18":{"start":{"line":52,"column":19},"end":{"line":52,"column":46}},"19":{"start":{"line":53,"column":19},"end":{"line":53,"column":21}},"20":{"start":{"line":54,"column":4},"end":{"line":57,"column":7}},"21":{"start":{"line":55,"column":18},"end":{"line":55,"column":51}},"22":{"start":{"line":56,"column":6},"end":{"line":56,"column":63}},"23":{"start":{"line":58,"column":4},"end":{"line":58,"column":20}},"24":{"start":{"line":59,"column":4},"end":{"line":59,"column":20}},"25":{"start":{"line":63,"column":20},"end":{"line":66,"column":4}},"26":{"start":{"line":64,"column":18},"end":{"line":64,"column":47}},"27":{"start":{"line":65,"column":4},"end":{"line":65,"column":54}},"28":{"start":{"line":69,"column":20},"end":{"line":76,"column":20}},"29":{"start":{"line":71,"column":25},"end":{"line":71,"column":43}},"30":{"start":{"line":72,"column":21},"end":{"line":72,"column":36}},"31":{"start":{"line":73,"column":18},"end":{"line":73,"column":51}},"32":{"start":{"line":74,"column":6},"end":{"line":74,"column":56}},"33":{"start":{"line":78,"column":23},"end":{"line":90,"column":3}},"34":{"start":{"line":80,"column":21},"end":{"line":84,"column":5}},"35":{"start":{"line":92,"column":2},"end":{"line":265,"column":4}},"36":{"start":{"line":133,"column":10},"end":{"line":140,"column":12}},"37":{"start":{"line":145,"column":10},"end":{"line":154,"column":12}},"38":{"start":{"line":171,"column":29},"end":{"line":171,"column":52}},"39":{"start":{"line":172,"column":29},"end":{"line":172,"column":44}},"40":{"start":{"line":173,"column":26},"end":{"line":173,"column":68}},"41":{"start":{"line":174,"column":30},"end":{"line":174,"column":32}},"42":{"start":{"line":175,"column":27},"end":{"line":175,"column":70}},"43":{"start":{"line":177,"column":10},"end":{"line":234,"column":12}}},"fnMap":{"0":{"name":"BiasVectorGraph","decl":{"start":{"line":8,"column":24},"end":{"line":8,"column":39}},"loc":{"start":{"line":8,"column":71},"end":{"line":266,"column":1}},"line":8},"1":{"name":"(anonymous_1)","decl":{"start":{"line":12,"column":12},"end":{"line":12,"column":13}},"loc":{"start":{"line":12,"column":18},"end":{"line":25,"column":3}},"line":12},"2":{"name":"(anonymous_2)","decl":{"start":{"line":16,"column":63},"end":{"line":16,"column":64}},"loc":{"start":{"line":16,"column":83},"end":{"line":21,"column":5}},"line":16},"3":{"name":"(anonymous_3)","decl":{"start":{"line":24,"column":44},"end":{"line":24,"column":45}},"loc":{"start":{"line":24,"column":51},"end":{"line":24,"column":58}},"line":24},"4":{"name":"(anonymous_4)","decl":{"start":{"line":27,"column":23},"end":{"line":27,"column":24}},"loc":{"start":{"line":27,"column":33},"end":{"line":39,"column":3}},"line":27},"5":{"name":"(anonymous_5)","decl":{"start":{"line":41,"column":27},"end":{"line":41,"column":28}},"loc":{"start":{"line":41,"column":46},"end":{"line":47,"column":3}},"line":41},"6":{"name":"(anonymous_6)","decl":{"start":{"line":51,"column":55},"end":{"line":51,"column":56}},"loc":{"start":{"line":51,"column":65},"end":{"line":60,"column":3}},"line":51},"7":{"name":"(anonymous_7)","decl":{"start":{"line":54,"column":20},"end":{"line":54,"column":21}},"loc":{"start":{"line":54,"column":32},"end":{"line":57,"column":5}},"line":54},"8":{"name":"(anonymous_8)","decl":{"start":{"line":63,"column":32},"end":{"line":63,"column":33}},"loc":{"start":{"line":63,"column":39},"end":{"line":66,"column":3}},"line":63},"9":{"name":"(anonymous_9)","decl":{"start":{"line":70,"column":9},"end":{"line":70,"column":10}},"loc":{"start":{"line":70,"column":19},"end":{"line":75,"column":5}},"line":70},"10":{"name":"(anonymous_10)","decl":{"start":{"line":80,"column":13},"end":{"line":80,"column":14}},"loc":{"start":{"line":80,"column":21},"end":{"line":84,"column":5}},"line":80},"11":{"name":"(anonymous_11)","decl":{"start":{"line":132,"column":23},"end":{"line":132,"column":24}},"loc":{"start":{"line":133,"column":10},"end":{"line":140,"column":12}},"line":133},"12":{"name":"(anonymous_12)","decl":{"start":{"line":144,"column":23},"end":{"line":144,"column":24}},"loc":{"start":{"line":145,"column":10},"end":{"line":154,"column":12}},"line":145},"13":{"name":"(anonymous_13)","decl":{"start":{"line":170,"column":21},"end":{"line":170,"column":22}},"loc":{"start":{"line":170,"column":36},"end":{"line":235,"column":9}},"line":170}},"branchMap":{"0":{"loc":{"start":{"line":8,"column":52},"end":{"line":8,"column":67}},"type":"default-arg","locations":[{"start":{"line":8,"column":63},"end":{"line":8,"column":67}}],"line":8},"1":{"loc":{"start":{"line":13,"column":4},"end":{"line":13,"column":37}},"type":"if","locations":[{"start":{"line":13,"column":4},"end":{"line":13,"column":37}},{"start":{},"end":{}}],"line":13},"2":{"loc":{"start":{"line":18,"column":13},"end":{"line":18,"column":23}},"type":"binary-expr","locations":[{"start":{"line":18,"column":13},"end":{"line":18,"column":18}},{"start":{"line":18,"column":22},"end":{"line":18,"column":23}}],"line":18},"3":{"loc":{"start":{"line":38,"column":11},"end":{"line":38,"column":55}},"type":"binary-expr","locations":[{"start":{"line":38,"column":11},"end":{"line":38,"column":37}},{"start":{"line":38,"column":41},"end":{"line":38,"column":55}}],"line":38},"4":{"loc":{"start":{"line":56,"column":21},"end":{"line":56,"column":42}},"type":"cond-expr","locations":[{"start":{"line":56,"column":33},"end":{"line":56,"column":36}},{"start":{"line":56,"column":39},"end":{"line":56,"column":42}}],"line":56},"5":{"loc":{"start":{"line":74,"column":16},"end":{"line":74,"column":35}},"type":"cond-expr","locations":[{"start":{"line":74,"column":26},"end":{"line":74,"column":29}},{"start":{"line":74,"column":32},"end":{"line":74,"column":35}}],"line":74},"6":{"loc":{"start":{"line":164,"column":19},"end":{"line":164,"column":61}},"type":"cond-expr","locations":[{"start":{"line":164,"column":30},"end":{"line":164,"column":44}},{"start":{"line":164,"column":47},"end":{"line":164,"column":61}}],"line":164},"7":{"loc":{"start":{"line":165,"column":19},"end":{"line":165,"column":61}},"type":"cond-expr","locations":[{"start":{"line":165,"column":30},"end":{"line":165,"column":44}},{"start":{"line":165,"column":47},"end":{"line":165,"column":61}}],"line":165},"8":{"loc":{"start":{"line":188,"column":25},"end":{"line":188,"column":68}},"type":"cond-expr","locations":[{"start":{"line":188,"column":36},"end":{"line":188,"column":56}},{"start":{"line":188,"column":59},"end":{"line":188,"column":68}}],"line":188},"9":{"loc":{"start":{"line":261,"column":21},"end":{"line":261,"column":51}},"type":"binary-expr","locations":[{"start":{"line":261,"column":21},"end":{"line":261,"column":46}},{"start":{"line":261,"column":50},"end":{"line":261,"column":51}}],"line":261}},"s":{"0":0,"1":0,"2":0,"3":0,"4":0,"5":0,"6":0,"7":0,"8":0,"9":0,"10":0,"11":0,"12":0,"13":0,"14":0,"15":0,"16":0,"17":0,"18":0,"19":0,"20":0,"21":0,"22":0,"23":0,"24":0,"25":0,"26":0,"27":0,"28":0,"29":0,"30":0,"31":0,"32":0,"33":0,"34":0,"35":0,"36":0,"37":0,"38":0,"39":0,"40":0,"41":0,"42":0,"43":0},"f":{"0":0,"1":0,"2":0,"3":0,"4":0,"5":0,"6":0,"7":0,"8":0,"9":0,"10":0,"11":0,"12":0,"13":0},"b":{"0":[0],"1":[0,0],"2":[0,0],"3":[0,0],"4":[0,0],"5":[0,0],"6":[0,0],"7":[0,0],"8":[0,0],"9":[0,0]}}
,"E:\\Unbiased ai\\unbiased-ai\\frontend\\src\\components\\CrossReferences.js": {"path":"E:\\Unbiased ai\\unbiased-ai\\frontend\\src\\components\\CrossReferences.js","statementMap":{"0":{"start":{"line":9,"column":2},"end":{"line":11,"column":3}},"1":{"start":{"line":10,"column":4},"end":{"line":10,"column":16}},"2":{"start":{"line":13,"column":30},"end":{"line":24,"column":3}},"3":{"start":{"line":14,"column":4},"end":{"line":23,"column":5}},"4":{"start":{"line":16,"column":8},"end":{"line":16,"column":19}},"5":{"start":{"line":18,"column":8},"end":{"line":18,"column":19}},"6":{"start":{"line":20,"column":8},"end":{"line":20,"column":19}},"7":{"start":{"line":22,"column":8},"end":{"line":22,"column":19}},"8":{"start":{"line":26,"column":31},"end":{"line":37,"column":3}},"9":{"start":{"line":27,"column":4},"end":{"line":36,"column":5}},"10":{"start":{"line":29,"column":8},"end":{"line":29,"column":25}},"11":{"start":{"line":31,"column":8},"end":{"line":31,"column":25}},"12":{"start":{"line":33,"column":8},"end":{"line":33,"column":25}},"13":{"start":{"line":35,"column":8},"end":{"line":35,"column":25}},"14":{"start":{"line":39,"column":31},"end":{"line":50,"column":3}},"15":{"start":{"line":40,"column":4},"end":{"line":49,"column":5}},"16":{"start":{"line":42,"column":8},"end":{"line":42,"column":32}},"17":{"start":{"line":44,"column":8},"end":{"line":44,"column":37}},"18":{"start":{"line":46,"column":8},"end":{"line":46,"column":33}},"19":{"start":{"line":48,"column":8},"end":{"line":48,"column":27}},"20":{"start":{"line":52,"column":28},"end":{"line":60,"column":3}},"21":{"start":{"line":62,"column":23},"end":{"line":69,"column":3}},"22":{"start":{"line":71,"column":2},"end":{"line":237,"column":4}},"23":{"start":{"line":113,"column":24},"end":{"line":113,"column":62}},"24":{"start":{"line":114,"column":23},"end":{"line":114,"column":60}},"25":{"start":{"line":115,"column":24},"end":{"line":115,"column":62}},"26":{"start":{"line":117,"column":10},"end":{"line":218,"column":12}}},"fnMap":{"0":{"name":"CrossReferences","decl":{"start":{"line":8,"column":24},"end":{"line":8,"column":39}},"loc":{"start":{"line":8,"column":54},"end":{"line":238,"column":1}},"line":8},"1":{"name":"(anonymous_1)","decl":{"start":{"line":13,"column":30},"end":{"line":13,"column":31}},"loc":{"start":{"line":13,"column":48},"end":{"line":24,"column":3}},"line":13},"2":{"name":"(anonymous_2)","decl":{"start":{"line":26,"column":31},"end":{"line":26,"column":32}},"loc":{"start":{"line":26,"column":49},"end":{"line":37,"column":3}},"line":26},"3":{"name":"(anonymous_3)","decl":{"start":{"line":39,"column":31},"end":{"line":39,"column":32}},"loc":{"start":{"line":39,"column":49},"end":{"line":50,"column":3}},"line":39},"4":{"name":"(anonymous_4)","decl":{"start":{"line":112,"column":38},"end":{"line":112,"column":39}},"loc":{"start":{"line":112,"column":52},"end":{"line":219,"column":9}},"line":112}},"branchMap":{"0":{"loc":{"start":{"line":9,"column":2},"end":{"line":11,"column":3}},"type":"if","locations":[{"start":{"line":9,"column":2},"end":{"line":11,"column":3}},{"start":{},"end":{}}],"line":9},"1":{"loc":{"start":{"line":9,"column":6},"end":{"line":9,"column":73}},"type":"binary-expr","locations":[{"start":{"line":9,"column":6},"end":{"line":9,"column":32}},{"start":{"line":9,"column":36},"end":{"line":9,"column":73}}],"line":9},"2":{"loc":{"start":{"line":14,"column":4},"end":{"line":23,"column":5}},"type":"switch","locations":[{"start":{"line":15,"column":6},"end":{"line":16,"column":19}},{"start":{"line":17,"column":6},"end":{"line":18,"column":19}},{"start":{"line":19,"column":6},"end":{"line":20,"column":19}},{"start":{"line":21,"column":6},"end":{"line":22,"column":19}}],"line":14},"3":{"loc":{"start":{"line":27,"column":4},"end":{"line":36,"column":5}},"type":"switch","locations":[{"start":{"line":28,"column":6},"end":{"line":29,"column":25}},{"start":{"line":30,"column":6},"end":{"line":31,"column":25}},{"start":{"line":32,"column":6},"end":{"line":33,"column":25}},{"start":{"line":34,"column":6},"end":{"line":35,"column":25}}],"line":27},"4":{"loc":{"start":{"line":40,"column":4},"end":{"line":49,"column":5}},"type":"switch","locations":[{"start":{"line":41,"column":6},"end":{"line":42,"column":32}},{"start":{"line":43,"column":6},"end":{"line":44,"column":37}},{"start":{"line":45,"column":6},"end":{"line":46,"column":33}},{"start":{"line":47,"column":6},"end":{"line":48,"column":27}}],"line":40},"5":{"loc":{"start":{"line":173,"column":19},"end":{"line":184,"column":19}},"type":"binary-expr","locations":[{"start":{"line":173,"column":19},"end":{"line":173,"column":27}},{"start":{"line":174,"column":20},"end":{"line":183,"column":26}}],"line":173},"6":{"loc":{"start":{"line":201,"column":17},"end":{"line":215,"column":17}},"type":"binary-expr","locations":[{"start":{"line":201,"column":17},"end":{"line":201,"column":27}},{"start":{"line":202,"column":18},"end":{"line":214,"column":24}}],"line":201}},"s":{"0":0,"1":0,"2":0,"3":0,"4":0,"5":0,"6":0,"7":0,"8":0,"9":0,"10":0,"11":0,"12":0,"13":0,"14":0,"15":0,"16":0,"17":0,"18":0,"19":0,"20":0,"21":0,"22":0,"23":0,"24":0,"25":0,"26":0},"f":{"0":0,"1":0,"2":0,"3":0,"4":0},"b":{"0":[0,0],"1":[0,0],"2":[0,0,0,0],"3":[0,0,0,0],"4":[0,0,0,0],"5":[0,0],"6":[0,0]}}
,"E:\\Unbiased ai\\unbiased-ai\\frontend\\src\\components\\CryptographicAuditTrail.js": {"path":"E:\\Unbiased ai\\unbiased-ai\\frontend\\src\\components\\CryptographicAuditTrail.js","statementMap":{"0":{"start":{"line":9,"column":34},"end":{"line":9,"column":46}},"1":{"start":{"line":11,"column":2},"end":{"line":30,"column":27}},"2":{"start":{"line":13,"column":4},"end":{"line":29,"column":5}},"3":{"start":{"line":14,"column":18},"end":{"line":27,"column":8}},"4":{"start":{"line":15,"column":26},"end":{"line":15,"column":69}},"5":{"start":{"line":16,"column":28},"end":{"line":16,"column":62}},"6":{"start":{"line":18,"column":8},"end":{"line":26,"column":10}},"7":{"start":{"line":28,"column":6},"end":{"line":28,"column":23}},"8":{"start":{"line":32,"column":30},"end":{"line":36,"column":3}},"9":{"start":{"line":34,"column":17},"end":{"line":34,"column":70}},"10":{"start":{"line":35,"column":4},"end":{"line":35,"column":31}},"11":{"start":{"line":38,"column":28},"end":{"line":46,"column":3}},"12":{"start":{"line":48,"column":23},"end":{"line":60,"column":3}},"13":{"start":{"line":62,"column":25},"end":{"line":65,"column":3}},"14":{"start":{"line":67,"column":38},"end":{"line":67,"column":52}},"15":{"start":{"line":69,"column":2},"end":{"line":362,"column":4}},"16":{"start":{"line":128,"column":14},"end":{"line":344,"column":27}},"17":{"start":{"line":133,"column":31},"end":{"line":133,"column":87}},"18":{"start":{"line":279,"column":28},"end":{"line":293,"column":34}}},"fnMap":{"0":{"name":"CryptographicAuditTrail","decl":{"start":{"line":8,"column":24},"end":{"line":8,"column":47}},"loc":{"start":{"line":8,"column":81},"end":{"line":363,"column":1}},"line":8},"1":{"name":"(anonymous_1)","decl":{"start":{"line":11,"column":12},"end":{"line":11,"column":13}},"loc":{"start":{"line":11,"column":18},"end":{"line":30,"column":3}},"line":11},"2":{"name":"(anonymous_2)","decl":{"start":{"line":14,"column":50},"end":{"line":14,"column":51}},"loc":{"start":{"line":14,"column":69},"end":{"line":27,"column":7}},"line":14},"3":{"name":"(anonymous_3)","decl":{"start":{"line":32,"column":30},"end":{"line":32,"column":31}},"loc":{"start":{"line":32,"column":49},"end":{"line":36,"column":3}},"line":32},"4":{"name":"(anonymous_4)","decl":{"start":{"line":127,"column":25},"end":{"line":127,"column":26}},"loc":{"start":{"line":128,"column":14},"end":{"line":344,"column":27}},"line":128},"5":{"name":"(anonymous_5)","decl":{"start":{"line":133,"column":25},"end":{"line":133,"column":26}},"loc":{"start":{"line":133,"column":31},"end":{"line":133,"column":87}},"line":133},"6":{"name":"(anonymous_6)","decl":{"start":{"line":278,"column":46},"end":{"line":278,"column":47}},"loc":{"start":{"line":279,"column":28},"end":{"line":293,"column":34}},"line":279}},"branchMap":{"0":{"loc":{"start":{"line":8,"column":50},"end":{"line":8,"column":63}},"type":"default-arg","locations":[{"start":{"line":8,"column":61},"end":{"line":8,"column":63}}],"line":8},"1":{"loc":{"start":{"line":8,"column":65},"end":{"line":8,"column":77}},"type":"default-arg","locations":[{"start":{"line":8,"column":76},"end":{"line":8,"column":77}}],"line":8},"2":{"loc":{"start":{"line":13,"column":4},"end":{"line":29,"column":5}},"type":"if","locations":[{"start":{"line":13,"column":4},"end":{"line":29,"column":5}},{"start":{},"end":{}}],"line":13},"3":{"loc":{"start":{"line":13,"column":8},"end":{"line":13,"column":39}},"type":"binary-expr","locations":[{"start":{"line":13,"column":8},"end":{"line":13,"column":16}},{"start":{"line":13,"column":20},"end":{"line":13,"column":39}}],"line":13},"4":{"loc":{"start":{"line":15,"column":35},"end":{"line":15,"column":68}},"type":"binary-expr","locations":[{"start":{"line":15,"column":35},"end":{"line":15,"column":54}},{"start":{"line":15,"column":58},"end":{"line":15,"column":68}}],"line":15},"5":{"loc":{"start":{"line":21,"column":21},"end":{"line":21,"column":45}},"type":"binary-expr","locations":[{"start":{"line":21,"column":21},"end":{"line":21,"column":40}},{"start":{"line":21,"column":44},"end":{"line":21,"column":45}}],"line":21},"6":{"loc":{"start":{"line":22,"column":33},"end":{"line":22,"column":58}},"type":"binary-expr","locations":[{"start":{"line":22,"column":33},"end":{"line":22,"column":52}},{"start":{"line":22,"column":56},"end":{"line":22,"column":58}}],"line":22},"7":{"loc":{"start":{"line":23,"column":19},"end":{"line":23,"column":63}},"type":"binary-expr","locations":[{"start":{"line":23,"column":19},"end":{"line":23,"column":35}},{"start":{"line":23,"column":39},"end":{"line":23,"column":63}}],"line":23},"8":{"loc":{"start":{"line":24,"column":27},"end":{"line":24,"column":67}},"type":"binary-expr","locations":[{"start":{"line":24,"column":27},"end":{"line":24,"column":52}},{"start":{"line":24,"column":56},"end":{"line":24,"column":67}}],"line":24},"9":{"loc":{"start":{"line":111,"column":11},"end":{"line":346,"column":11}},"type":"cond-expr","locations":[{"start":{"line":112,"column":12},"end":{"line":125,"column":25}},{"start":{"line":127,"column":12},"end":{"line":345,"column":14}}],"line":111},"10":{"loc":{"start":{"line":133,"column":45},"end":{"line":133,"column":86}},"type":"cond-expr","locations":[{"start":{"line":133,"column":71},"end":{"line":133,"column":75}},{"start":{"line":133,"column":78},"end":{"line":133,"column":86}}],"line":133},"11":{"loc":{"start":{"line":137,"column":30},"end":{"line":139,"column":48}},"type":"cond-expr","locations":[{"start":{"line":138,"column":22},"end":{"line":138,"column":48}},{"start":{"line":139,"column":22},"end":{"line":139,"column":48}}],"line":137},"12":{"loc":{"start":{"line":188,"column":29},"end":{"line":188,"column":110}},"type":"cond-expr","locations":[{"start":{"line":188,"column":53},"end":{"line":188,"column":62}},{"start":{"line":188,"column":65},"end":{"line":188,"column":110}}],"line":188},"13":{"loc":{"start":{"line":188,"column":65},"end":{"line":188,"column":110}},"type":"cond-expr","locations":[{"start":{"line":188,"column":89},"end":{"line":188,"column":98}},{"start":{"line":188,"column":101},"end":{"line":188,"column":110}}],"line":188},"14":{"loc":{"start":{"line":213,"column":39},"end":{"line":213,"column":72}},"type":"cond-expr","locations":[{"start":{"line":213,"column":65},"end":{"line":213,"column":68}},{"start":{"line":213,"column":71},"end":{"line":213,"column":72}}],"line":213},"15":{"loc":{"start":{"line":227,"column":27},"end":{"line":227,"column":77}},"type":"cond-expr","locations":[{"start":{"line":227,"column":53},"end":{"line":227,"column":63}},{"start":{"line":227,"column":66},"end":{"line":227,"column":77}}],"line":227},"16":{"loc":{"start":{"line":277,"column":25},"end":{"line":304,"column":25}},"type":"cond-expr","locations":[{"start":{"line":278,"column":26},"end":{"line":294,"column":28}},{"start":{"line":296,"column":26},"end":{"line":303,"column":32}}],"line":277}},"s":{"0":0,"1":0,"2":0,"3":0,"4":0,"5":0,"6":0,"7":0,"8":0,"9":0,"10":0,"11":0,"12":0,"13":0,"14":0,"15":0,"16":0,"17":0,"18":0},"f":{"0":0,"1":0,"2":0,"3":0,"4":0,"5":0,"6":0},"b":{"0":[0],"1":[0],"2":[0,0],"3":[0,0],"4":[0,0],"5":[0,0],"6":[0,0],"7":[0,0],"8":[0,0],"9":[0,0],"10":[0,0],"11":[0,0],"12":[0,0],"13":[0,0],"14":[0,0],"15":[0,0],"16":[0,0]}}
,"E:\\Unbiased ai\\unbiased-ai\\frontend\\src\\components\\CustomCursor.js": {"path":"E:\\Unbiased ai\\unbiased-ai\\frontend\\src\\components\\CustomCursor.js","statementMap":{"0":{"start":{"line":4,"column":17},"end":{"line":4,"column":29}},"1":{"start":{"line":5,"column":18},"end":{"line":5,"column":30}},"2":{"start":{"line":7,"column":2},"end":{"line":77,"column":9}},"3":{"start":{"line":8,"column":13},"end":{"line":8,"column":14}},"4":{"start":{"line":8,"column":21},"end":{"line":8,"column":22}},"5":{"start":{"line":8,"column":29},"end":{"line":8,"column":30}},"6":{"start":{"line":8,"column":37},"end":{"line":8,"column":38}},"7":{"start":{"line":11,"column":17},"end":{"line":18,"column":5}},"8":{"start":{"line":12,"column":6},"end":{"line":12,"column":21}},"9":{"start":{"line":13,"column":6},"end":{"line":13,"column":21}},"10":{"start":{"line":14,"column":6},"end":{"line":17,"column":7}},"11":{"start":{"line":15,"column":8},"end":{"line":15,"column":46}},"12":{"start":{"line":16,"column":8},"end":{"line":16,"column":45}},"13":{"start":{"line":20,"column":17},"end":{"line":20,"column":45}},"14":{"start":{"line":20,"column":30},"end":{"line":20,"column":45}},"15":{"start":{"line":22,"column":17},"end":{"line":30,"column":5}},"16":{"start":{"line":23,"column":6},"end":{"line":23,"column":30}},"17":{"start":{"line":24,"column":6},"end":{"line":24,"column":30}},"18":{"start":{"line":25,"column":6},"end":{"line":28,"column":7}},"19":{"start":{"line":26,"column":8},"end":{"line":26,"column":47}},"20":{"start":{"line":27,"column":8},"end":{"line":27,"column":46}},"21":{"start":{"line":29,"column":6},"end":{"line":29,"column":43}},"22":{"start":{"line":32,"column":24},"end":{"line":37,"column":5}},"23":{"start":{"line":33,"column":6},"end":{"line":36,"column":7}},"24":{"start":{"line":34,"column":8},"end":{"line":34,"column":74}},"25":{"start":{"line":35,"column":8},"end":{"line":35,"column":122}},"26":{"start":{"line":35,"column":27},"end":{"line":35,"column":113}},"27":{"start":{"line":35,"column":47},"end":{"line":35,"column":113}},"28":{"start":{"line":39,"column":24},"end":{"line":46,"column":5}},"29":{"start":{"line":40,"column":6},"end":{"line":45,"column":7}},"30":{"start":{"line":41,"column":8},"end":{"line":41,"column":45}},"31":{"start":{"line":42,"column":8},"end":{"line":42,"column":46}},"32":{"start":{"line":43,"column":8},"end":{"line":43,"column":54}},"33":{"start":{"line":44,"column":8},"end":{"line":44,"column":54}},"34":{"start":{"line":48,"column":24},"end":{"line":55,"column":5}},"35":{"start":{"line":49,"column":6},"end":{"line":54,"column":7}},"36":{"start":{"line":50,"column":8},"end":{"line":50,"column":45}},"37":{"start":{"line":51,"column":8},"end":{"line":51,"column":46}},"38":{"start":{"line":52,"column":8},"end":{"line":52,"column":66}},"39":{"start":{"line":53,"column":8},"end":{"line":53,"column":54}},"40":{"start":{"line":57,"column":4},"end":{"line":57,"column":49}},"41":{"start":{"line":58,"column":4},"end":{"line":58,"column":52}},"42":{"start":{"line":59,"column":4},"end":{"line":59,"column":11}},"43":{"start":{"line":61,"column":4},"end":{"line":64,"column":7}},"44":{"start":{"line":62,"column":6},"end":{"line":62,"column":53}},"45":{"start":{"line":63,"column":6},"end":{"line":63,"column":53}},"46":{"start":{"line":67,"column":4},"end":{"line":67,"column":63}},"47":{"start":{"line":67,"column":56},"end":{"line":67,"column":63}},"48":{"start":{"line":69,"column":4},"end":{"line":69,"column":40}},"49":{"start":{"line":71,"column":4},"end":{"line":76,"column":6}},"50":{"start":{"line":72,"column":6},"end":{"line":72,"column":54}},"51":{"start":{"line":73,"column":6},"end":{"line":73,"column":57}},"52":{"start":{"line":74,"column":6},"end":{"line":74,"column":35}},"53":{"start":{"line":75,"column":6},"end":{"line":75,"column":42}},"54":{"start":{"line":79,"column":2},"end":{"line":95,"column":4}}},"fnMap":{"0":{"name":"CustomCursor","decl":{"start":{"line":3,"column":24},"end":{"line":3,"column":36}},"loc":{"start":{"line":3,"column":39},"end":{"line":96,"column":1}},"line":3},"1":{"name":"(anonymous_1)","decl":{"start":{"line":7,"column":12},"end":{"line":7,"column":13}},"loc":{"start":{"line":7,"column":18},"end":{"line":77,"column":3}},"line":7},"2":{"name":"(anonymous_2)","decl":{"start":{"line":11,"column":17},"end":{"line":11,"column":18}},"loc":{"start":{"line":11,"column":24},"end":{"line":18,"column":5}},"line":11},"3":{"name":"(anonymous_3)","decl":{"start":{"line":20,"column":17},"end":{"line":20,"column":18}},"loc":{"start":{"line":20,"column":30},"end":{"line":20,"column":45}},"line":20},"4":{"name":"(anonymous_4)","decl":{"start":{"line":22,"column":17},"end":{"line":22,"column":18}},"loc":{"start":{"line":22,"column":23},"end":{"line":30,"column":5}},"line":22},"5":{"name":"(anonymous_5)","decl":{"start":{"line":32,"column":24},"end":{"line":32,"column":25}},"loc":{"start":{"line":32,"column":30},"end":{"line":37,"column":5}},"line":32},"6":{"name":"(anonymous_6)","decl":{"start":{"line":35,"column":19},"end":{"line":35,"column":20}},"loc":{"start":{"line":35,"column":25},"end":{"line":35,"column":115}},"line":35},"7":{"name":"(anonymous_7)","decl":{"start":{"line":39,"column":24},"end":{"line":39,"column":25}},"loc":{"start":{"line":39,"column":30},"end":{"line":46,"column":5}},"line":39},"8":{"name":"(anonymous_8)","decl":{"start":{"line":48,"column":24},"end":{"line":48,"column":25}},"loc":{"start":{"line":48,"column":30},"end":{"line":55,"column":5}},"line":48},"9":{"name":"(anonymous_9)","decl":{"start":{"line":61,"column":85},"end":{"line":61,"column":86}},"loc":{"start":{"line":61,"column":93},"end":{"line":64,"column":5}},"line":61},"10":{"name":"(anonymous_10)","decl":{"start":{"line":71,"column":11},"end":{"line":71,"column":12}},"loc":{"start":{"line":71,"column":17},"end":{"line":76,"column":5}},"line":71}},"branchMap":{"0":{"loc":{"start":{"line":14,"column":6},"end":{"line":17,"column":7}},"type":"if","locations":[{"start":{"line":14,"column":6},"end":{"line":17,"column":7}},{"start":{},"end":{}}],"line":14},"1":{"loc":{"start":{"line":25,"column":6},"end":{"line":28,"column":7}},"type":"if","locations":[{"start":{"line":25,"column":6},"end":{"line":28,"column":7}},{"start":{},"end":{}}],"line":25},"2":{"loc":{"start":{"line":33,"column":6},"end":{"line":36,"column":7}},"type":"if","locations":[{"start":{"line":33,"column":6},"end":{"line":36,"column":7}},{"start":{},"end":{}}],"line":33},"3":{"loc":{"start":{"line":35,"column":27},"end":{"line":35,"column":113}},"type":"if","locations":[{"start":{"line":35,"column":27},"end":{"line":35,"column":113}},{"start":{},"end":{}}],"line":35},"4":{"loc":{"start":{"line":40,"column":6},"end":{"line":45,"column":7}},"type":"if","locations":[{"start":{"line":40,"column":6},"end":{"line":45,"column":7}},{"start":{},"end":{}}],"line":40},"5":{"loc":{"start":{"line":49,"column":6},"end":{"line":54,"column":7}},"type":"if","locations":[{"start":{"line":49,"column":6},"end":{"line":54,"column":7}},{"start":{},"end":{}}],"line":49},"6":{"loc":{"start":{"line":67,"column":4},"end":{"line":67,"column":63}},"type":"if","locations":[{"start":{"line":67,"column":4},"end":{"line":67,"column":63}},{"start":{},"end":{}}],"line":67}},"s":{"0":0,"1":0,"2":0,"3":0,"4":0,"5":0,"6":0,"7":0,"8":0,"9":0,"10":0,"11":0,"12":0,"13":0,"14":0,"15":0,"16":0,"17":0,"18":0,"19":0,"20":0,"21":0,"22":0,"23":0,"24":0,"25":0,"26":0,"27":0,"28":0,"29":0,"30":0,"31":0,"32":0,"33":0,"34":0,"35":0,"36":0,"37":0,"38":0,"39":0,"40":0,"41":0,"42":0,"43":0,"44":0,"45":0,"46":0,"47":0,"48":0,"49":0,"50":0,"51":0,"52":0,"53":0,"54":0},"f":{"0":0,"1":0,"2":0,"3":0,"4":0,"5":0,"6":0,"7":0,"8":0,"9":0,"10":0},"b":{"0":[0,0],"1":[0,0],"2":[0,0],"3":[0,0],"4":[0,0],"5":[0,0],"6":[0,0]}}
[...]
e":30,"column":8},"end":{"line":30,"column":15}},"20":{"start":{"line":33,"column":6},"end":{"line":33,"column":22}},"21":{"start":{"line":34,"column":6},"end":{"line":34,"column":51}},"22":{"start":{"line":35,"column":6},"end":{"line":35,"column":42}},"23":{"start":{"line":37,"column":25},"end":{"line":37,"column":73}},"24":{"start":{"line":38,"column":6},"end":{"line":40,"column":7}},"25":{"start":{"line":39,"column":8},"end":{"line":39,"column":79}},"26":{"start":{"line":41,"column":6},"end":{"line":41,"column":32}},"27":{"start":{"line":43,"column":6},"end":{"line":43,"column":24}},"28":{"start":{"line":47,"column":2},"end":{"line":155,"column":4}},"29":{"start":{"line":75,"column":31},"end":{"line":75,"column":53}},"30":{"start":{"line":86,"column":13},"end":{"line":88,"column":50}},"31":{"start":{"line":86,"column":47},"end":{"line":86,"column":59}},"32":{"start":{"line":123,"column":16},"end":{"line":126,"column":22}}},"fnMap":{"0":{"name":"VisionPage","decl":{"start":{"line":7,"column":24},"end":{"line":7,"column":34}},"loc":{"start":{"line":7,"column":37},"end":{"line":156,"column":1}},"line":7},"1":{"name":"(anonymous_1)","decl":{"start":{"line":11,"column":24},"end":{"line":11,"column":25}},"loc":{"start":{"line":11,"column":31},"end":{"line":11,"column":37}},"line":11},"2":{"name":"(anonymous_2)","decl":{"start":{"line":13,"column":20},"end":{"line":13,"column":21}},"loc":{"start":{"line":13,"column":32},"end":{"line":45,"column":3}},"line":13},"3":{"name":"(anonymous_3)","decl":{"start":{"line":75,"column":24},"end":{"line":75,"column":25}},"loc":{"start":{"line":75,"column":31},"end":{"line":75,"column":53}},"line":75},"4":{"name":"(anonymous_4)","decl":{"start":{"line":85,"column":98},"end":{"line":85,"column":99}},"loc":{"start":{"line":86,"column":13},"end":{"line":88,"column":50}},"line":86},"5":{"name":"(anonymous_5)","decl":{"start":{"line":86,"column":41},"end":{"line":86,"column":42}},"loc":{"start":{"line":86,"column":47},"end":{"line":86,"column":59}},"line":86},"6":{"name":"(anonymous_6)","decl":{"start":{"line":122,"column":48},"end":{"line":122,"column":49}},"loc":{"start":{"line":123,"column":16},"end":{"line":126,"column":22}},"line":123}},"branchMap":{"0":{"loc":{"start":{"line":14,"column":4},"end":{"line":17,"column":5}},"type":"if","locations":[{"start":{"line":14,"column":4},"end":{"line":17,"column":5}},{"start":{},"end":{}}],"line":14},"1":{"loc":{"start":{"line":23,"column":6},"end":{"line":31,"column":7}},"type":"if","locations":[{"start":{"line":23,"column":6},"end":{"line":31,"column":7}},{"start":{},"end":{}}],"line":23},"2":{"loc":{"start":{"line":23,"column":10},"end":{"line":23,"column":28}},"type":"binary-expr","locations":[{"start":{"line":23,"column":10},"end":{"line":23,"column":14}},{"start":{"line":23,"column":18},"end":{"line":23,"column":28}}],"line":23},"3":{"loc":{"start":{"line":25,"column":8},"end":{"line":27,"column":9}},"type":"if","locations":[{"start":{"line":25,"column":8},"end":{"line":27,"column":9}},{"start":{},"end":{}}],"line":25},"4":{"loc":{"start":{"line":25,"column":12},"end":{"line":25,"column":90}},"type":"binary-expr","locations":[{"start":{"line":25,"column":12},"end":{"line":25,"column":54}},{"start":{"line":25,"column":58},"end":{"line":25,"column":90}}],"line":25},"5":{"loc":{"start":{"line":38,"column":6},"end":{"line":40,"column":7}},"type":"if","locations":[{"start":{"line":38,"column":6},"end":{"line":40,"column":7}},{"start":{},"end":{}}],"line":38},"6":{"loc":{"start":{"line":38,"column":10},"end":{"line":38,"column":80}},"type":"binary-expr","locations":[{"start":{"line":38,"column":10},"end":{"line":38,"column":42}},{"start":{"line":38,"column":46},"end":{"line":38,"column":80}}],"line":38},"7":{"loc":{"start":{"line":80,"column":72},"end":{"line":80,"column":87}},"type":"binary-expr","locations":[{"start":{"line":80,"column":72},"end":{"line":80,"column":79}},{"start":{"line":80,"column":83},"end":{"line":80,"column":87}}],"line":80},"8":{"loc":{"start":{"line":81,"column":13},"end":{"line":81,"column":57}},"type":"cond-expr","locations":[{"start":{"line":81,"column":23},"end":{"line":81,"column":37}},{"start":{"line":81,"column":40},"end":{"line":81,"column":57}}],"line":81},"9":{"loc":{"start":{"line":93,"column":7},"end":{"line":101,"column":7}},"type":"binary-expr","locations":[{"start":{"line":93,"column":7},"end":{"line":93,"column":14}},{"start":{"line":94,"column":8},"end":{"line":100,"column":14}}],"line":93},"10":{"loc":{"start":{"line":103,"column":7},"end":{"line":131,"column":7}},"type":"binary-expr","locations":[{"start":{"line":103,"column":7},"end":{"line":103,"column":13}},{"start":{"line":104,"column":8},"end":{"line":130,"column":14}}],"line":103},"11":{"loc":{"start":{"line":106,"column":30},"end":{"line":106,"column":51}},"type":"binary-expr","locations":[{"start":{"line":106,"column":30},"end":{"line":106,"column":46}},{"start":{"line":106,"column":50},"end":{"line":106,"column":51}}],"line":106},"12":{"loc":{"start":{"line":108,"column":45},"end":{"line":108,"column":122}},"type":"cond-expr","locations":[{"start":{"line":108,"column":70},"end":{"line":108,"column":76}},{"start":{"line":108,"column":79},"end":{"line":108,"column":122}}],"line":108},"13":{"loc":{"start":{"line":108,"column":79},"end":{"line":108,"column":122}},"type":"cond-expr","locations":[{"start":{"line":108,"column":104},"end":{"line":108,"column":112}},{"start":{"line":108,"column":115},"end":{"line":108,"column":122}}],"line":108},"14":{"loc":{"start":{"line":109,"column":18},"end":{"line":109,"column":118}},"type":"cond-expr","locations":[{"start":{"line":109,"column":43},"end":{"line":109,"column":55}},{"start":{"line":109,"column":58},"end":{"line":109,"column":118}}],"line":109},"15":{"loc":{"start":{"line":109,"column":58},"end":{"line":109,"column":118}},"type":"cond-expr","locations":[{"start":{"line":109,"column":83},"end":{"line":109,"column":98}},{"start":{"line":109,"column":101},"end":{"line":109,"column":118}}],"line":109},"16":{"loc":{"start":{"line":133,"column":7},"end":{"line":153,"column":7}},"type":"binary-expr","locations":[{"start":{"line":133,"column":7},"end":{"line":133,"column":14}},{"start":{"line":133,"column":18},"end":{"line":133,"column":26}},{"start":{"line":134,"column":8},"end":{"line":152,"column":14}}],"line":133}},"s":{"0":0,"1":0,"2":0,"3":0,"4":0,"5":0,"6":0,"7":0,"8":0,"9":0,"10":0,"11":0,"12":0,"13":0,"14":0,"15":0,"16":0,"17":0,"18":0,"19":0,"20":0,"21":0,"22":0,"23":0,"24":0,"25":0,"26":0,"27":0,"28":0,"29":0,"30":0,"31":0,"32":0},"f":{"0":0,"1":0,"2":0,"3":0,"4":0,"5":0,"6":0},"b":{"0":[0,0],"1":[0,0],"2":[0,0],"3":[0,0],"4":[0,0],"5":[0,0],"6":[0,0],"7":[0,0],"8":[0,0],"9":[0,0],"10":[0,0],"11":[0,0],"12":[0,0],"13":[0,0],"14":[0,0],"15":[0,0],"16":[0,0,0]}}
,"E:\\Unbiased ai\\unbiased-ai\\frontend\\src\\pages\\WebScanPage.js": {"path":"E:\\Unbiased ai\\unbiased-ai\\frontend\\src\\pages\\WebScanPage.js","statementMap":{"0":{"start":{"line":8,"column":15},"end":{"line":8,"column":38}},"1":{"start":{"line":8,"column":31},"end":{"line":8,"column":37}},"2":{"start":{"line":9,"column":24},"end":{"line":9,"column":36}},"3":{"start":{"line":10,"column":32},"end":{"line":10,"column":46}},"4":{"start":{"line":11,"column":32},"end":{"line":11,"column":47}},"5":{"start":{"line":12,"column":32},"end":{"line":12,"column":44}},"6":{"start":{"line":14,"column":2},"end":{"line":16,"column":18}},"7":{"start":{"line":15,"column":4},"end":{"line":15,"column":18}},"8":{"start":{"line":18,"column":22},"end":{"line":33,"column":3}},"9":{"start":{"line":19,"column":4},"end":{"line":19,"column":27}},"10":{"start":{"line":19,"column":20},"end":{"line":19,"column":27}},"11":{"start":{"line":20,"column":4},"end":{"line":32,"column":5}},"12":{"start":{"line":21,"column":30},"end":{"line":26,"column":18}},"13":{"start":{"line":28,"column":6},"end":{"line":28,"column":29}},"14":{"start":{"line":28,"column":17},"end":{"line":28,"column":29}},"15":{"start":{"line":29,"column":6},"end":{"line":29,"column":29}},"16":{"start":{"line":31,"column":6},"end":{"line":31,"column":51}},"17":{"start":{"line":35,"column":21},"end":{"line":58,"column":3}},"18":{"start":{"line":36,"column":4},"end":{"line":36,"column":23}},"19":{"start":{"line":37,"column":4},"end":{"line":40,"column":5}},"20":{"start":{"line":38,"column":6},"end":{"line":38,"column":40}},"21":{"start":{"line":39,"column":6},"end":{"line":39,"column":13}},"22":{"start":{"line":42,"column":4},"end":{"line":42,"column":21}},"23":{"start":{"line":43,"column":4},"end":{"line":57,"column":5}},"24":{"start":{"line":44,"column":21},"end":{"line":44,"column":46}},"25":{"start":{"line":45,"column":6},"end":{"line":48,"column":7}},"26":{"start":{"line":46,"column":8},"end":{"line":46,"column":34}},"27":{"start":{"line":47,"column":8},"end":{"line":47,"column":15}},"28":{"start":{"line":49,"column":6},"end":{"line":49,"column":25}},"29":{"start":{"line":50,"column":6},"end":{"line":50,"column":79}},"30":{"start":{"line":51,"column":6},"end":{"line":51,"column":20}},"31":{"start":{"line":53,"column":6},"end":{"line":53,"column":40}},"32":{"start":{"line":54,"column":6},"end":{"line":54,"column":25}},"33":{"start":{"line":56,"column":6},"end":{"line":56,"column":24}},"34":{"start":{"line":60,"column":2},"end":{"line":337,"column":4}},"35":{"start":{"line":81,"column":27},"end":{"line":81,"column":49}},"36":{"start":{"line":228,"column":18},"end":{"line":269,"column":24}},"37":{"start":{"line":300,"column":14},"end":{"line":324,"column":20}},"38":{"start":{"line":309,"column":16},"end":{"line":309,"column":77}},"39":{"start":{"line":310,"column":16},"end":{"line":310,"column":74}},"40":{"start":{"line":313,"column":16},"end":{"line":313,"column":77}},"41":{"start":{"line":314,"column":16},"end":{"line":314,"column":74}},"42":{"start":{"line":316,"column":29},"end":{"line":316,"column":45}}},"fnMap":{"0":{"name":"WebScanPage","decl":{"start":{"line":7,"column":24},"end":{"line":7,"column":35}},"loc":{"start":{"line":7,"column":38},"end":{"line":338,"column":1}},"line":7},"1":{"name":"(anonymous_1)","decl":{"start":{"line":8,"column":24},"end":{"line":8,"column":25}},"loc":{"start":{"line":8,"column":31},"end":{"line":8,"column":37}},"line":8},"2":{"name":"(anonymous_2)","decl":{"start":{"line":14,"column":12},"end":{"line":14,"column":13}},"loc":{"start":{"line":14,"column":18},"end":{"line":16,"column":3}},"line":14},"3":{"name":"(anonymous_3)","decl":{"start":{"line":18,"column":22},"end":{"line":18,"column":23}},"loc":{"start":{"line":18,"column":34},"end":{"line":33,"column":3}},"line":18},"4":{"name":"(anonymous_4)","decl":{"start":{"line":35,"column":21},"end":{"line":35,"column":22}},"loc":{"start":{"line":35,"column":34},"end":{"line":58,"column":3}},"line":35},"5":{"name":"(anonymous_5)","decl":{"start":{"line":81,"column":20},"end":{"line":81,"column":21}},"loc":{"start":{"line":81,"column":27},"end":{"line":81,"column":49}},"line":81},"6":{"name":"(anonymous_6)","decl":{"start":{"line":227,"column":52},"end":{"line":227,"column":53}},"loc":{"start":{"line":228,"column":18},"end":{"line":269,"column":24}},"line":228},"7":{"name":"(anonymous_7)","decl":{"start":{"line":299,"column":25},"end":{"line":299,"column":26}},"loc":{"start":{"line":300,"column":14},"end":{"line":324,"column":20}},"line":300},"8":{"name":"(anonymous_8)","decl":{"start":{"line":308,"column":28},"end":{"line":308,"column":29}},"loc":{"start":{"line":308,"column":35},"end":{"line":311,"column":15}},"line":308},"9":{"name":"(anonymous_9)","decl":{"start":{"line":312,"column":28},"end":{"line":312,"column":29}},"loc":{"start":{"line":312,"column":35},"end":{"line":315,"column":15}},"line":312},"10":{"name":"(anonymous_10)","decl":{"start":{"line":316,"column":23},"end":{"line":316,"column":24}},"loc":{"start":{"line":316,"column":29},"end":{"line":316,"column":45}},"line":316}},"branchMap":{"0":{"loc":{"start":{"line":19,"column":4},"end":{"line":19,"column":27}},"type":"if","locations":[{"start":{"line":19,"column":4},"end":{"line":19,"column":27}},{"start":{},"end":{}}],"line":19},"1":{"loc":{"start":{"line":28,"column":6},"end":{"line":28,"column":29}},"type":"if","locations":[{"start":{"line":28,"column":6},"end":{"line":28,"column":29}},{"start":{},"end":{}}],"line":28},"2":{"loc":{"start":{"line":29,"column":17},"end":{"line":29,"column":27}},"type":"binary-expr","locations":[{"start":{"line":29,"column":17},"end":{"line":29,"column":21}},{"start":{"line":29,"column":25},"end":{"line":29,"column":27}}],"line":29},"3":{"loc":{"start":{"line":37,"column":4},"end":{"line":40,"column":5}},"type":"if","locations":[{"start":{"line":37,"column":4},"end":{"line":40,"column":5}},{"start":{},"end":{}}],"line":37},"4":{"loc":{"start":{"line":45,"column":6},"end":{"line":48,"column":7}},"type":"if","locations":[{"start":{"line":45,"column":6},"end":{"line":48,"column":7}},{"start":{},"end":{}}],"line":45},"5":{"loc":{"start":{"line":50,"column":20},"end":{"line":50,"column":77}},"type":"cond-expr","locations":[{"start":{"line":50,"column":36},"end":{"line":50,"column":55}},{"start":{"line":50,"column":58},"end":{"line":50,"column":77}}],"line":50},"6":{"loc":{"start":{"line":103,"column":20},"end":{"line":103,"column":55}},"type":"cond-expr","locations":[{"start":{"line":103,"column":30},"end":{"line":103,"column":43}},{"start":{"line":103,"column":46},"end":{"line":103,"column":55}}],"line":103},"7":{"loc":{"start":{"line":104,"column":21},"end":{"line":104,"column":38}},"type":"cond-expr","locations":[{"start":{"line":104,"column":31},"end":{"line":104,"column":34}},{"start":{"line":104,"column":37},"end":{"line":104,"column":38}}],"line":104},"8":{"loc":{"start":{"line":110,"column":11},"end":{"line":110,"column":112}},"type":"cond-expr","locations":[{"start":{"line":110,"column":21},"end":{"line":110,"column":90}},{"start":{"line":110,"column":93},"end":{"line":110,"column":112}}],"line":110},"9":{"loc":{"start":{"line":111,"column":11},"end":{"line":111,"column":43}},"type":"cond-expr","locations":[{"start":{"line":111,"column":21},"end":{"line":111,"column":34}},{"start":{"line":111,"column":37},"end":{"line":111,"column":43}}],"line":111},"10":{"loc":{"start":{"line":116,"column":7},"end":{"line":290,"column":7}},"type":"binary-expr","locations":[{"start":{"line":116,"column":7},"end":{"line":116,"column":14}},{"start":{"line":117,"column":8},"end":{"line":289,"column":14}}],"line":116},"11":{"loc":{"start":{"line":128,"column":15},"end":{"line":128,"column":52}},"type":"binary-expr","locations":[{"start":{"line":128,"column":15},"end":{"line":128,"column":38}},{"start":{"line":128,"column":42},"end":{"line":128,"column":52}}],"line":128},"12":{"loc":{"start":{"line":135,"column":15},"end":{"line":140,"column":15}},"type":"binary-expr","locations":[{"start":{"line":135,"column":15},"end":{"line":135,"column":47}},{"start":{"line":136,"column":16},"end":{"line":139,"column":22}}],"line":135},"13":{"loc":{"start":{"line":153,"column":15},"end":{"line":163,"column":15}},"type":"cond-expr","locations":[{"start":{"line":154,"column":16},"end":{"line":157,"column":19}},{"start":{"line":159,"column":16},"end":{"line":162,"column":19}}],"line":153},"14":{"loc":{"start":{"line":179,"column":23},"end":{"line":179,"column":142}},"type":"cond-expr","locations":[{"start":{"line":179,"column":66},"end":{"line":179,"column":75}},{"start":{"line":179,"column":78},"end":{"line":179,"column":142}}],"line":179},"15":{"loc":{"start":{"line":179,"column":78},"end":{"line":179,"column":142}},"type":"cond-expr","locations":[{"start":{"line":179,"column":121},"end":{"line":179,"column":130}},{"start":{"line":179,"column":133},"end":{"line":179,"column":142}}],"line":179},"16":{"loc":{"start":{"line":194,"column":20},"end":{"line":194,"column":139}},"type":"cond-expr","locations":[{"start":{"line":194,"column":63},"end":{"line":194,"column":72}},{"start":{"line":194,"column":75},"end":{"line":194,"column":139}}],"line":194},"17":{"loc":{"start":{"line":194,"column":75},"end":{"line":194,"column":139}},"type":"cond-expr","locations":[{"start":{"line":194,"column":118},"end":{"line":194,"column":127}},{"start":{"line":194,"column":130},"end":{"line":194,"column":139}}],"line":194},"18":{"loc":{"start":{"line":195,"column":23},"end":{"line":195,"column":142}},"type":"cond-expr","locations":[{"start":{"line":195,"column":66},"end":{"line":195,"column":75}},{"start":{"line":195,"column":78},"end":{"line":195,"column":142}}],"line":195},"19":{"loc":{"start":{"line":195,"column":78},"end":{"line":195,"column":142}},"type":"cond-expr","locations":[{"start":{"line":195,"column":121},"end":{"line":195,"column":130}},{"start":{"line":195,"column":133},"end":{"line":195,"column":142}}],"line":195},"20":{"loc":{"start":{"line":200,"column":13},"end":{"line":217,"column":13}},"type":"binary-expr","locations":[{"start":{"line":200,"column":13},"end":{"line":200,"column":47}},{"start":{"line":200,"column":51},"end":{"line":200,"column":96}},{"start":{"line":201,"column":14},"end":{"line":216,"column":20}}],"line":200},"21":{"loc":{"start":{"line":221,"column":11},"end":{"line":273,"column":11}},"type":"binary-expr","locations":[{"start":{"line":221,"column":11},"end":{"line":221,"column":42}},{"start":{"line":221,"column":46},"end":{"line":221,"column":87}},{"start":{"line":222,"column":12},"end":{"line":272,"column":18}}],"line":221},"22":{"loc":{"start":{"line":252,"column":26},"end":{"line":252,"column":130}},"type":"cond-expr","locations":[{"start":{"line":252,"column":53},"end":{"line":252,"column":68}},{"start":{"line":252,"column":71},"end":{"line":252,"column":130}}],"line":252},"23":{"loc":{"start":{"line":252,"column":71},"end":{"line":252,"column":130}},"type":"cond-expr","locations":[{"start":{"line":252,"column":100},"end":{"line":252,"column":113}},{"start":{"line":252,"column":116},"end":{"line":252,"column":130}}],"line":252},"24":{"loc":{"start":{"line":255,"column":31},"end":{"line":255,"column":120}},"type":"cond-expr","locations":[{"start":{"line":255,"column":58},"end":{"line":255,"column":67}},{"start":{"line":255,"column":70},"end":{"line":255,"column":120}}],"line":255},"25":{"loc":{"start":{"line":255,"column":70},"end":{"line":255,"column":120}},"type":"cond-expr","locations":[{"start":{"line":255,"column":99},"end":{"line":255,"column":108}},{"start":{"line":255,"column":111},"end":{"line":255,"column":120}}],"line":255},"26":{"loc":{"start":{"line":276,"column":11},"end":{"line":288,"column":11}},"type":"binary-expr","locations":[{"start":{"line":276,"column":11},"end":{"line":276,"column":25}},{"start":{"line":277,"column":12},"end":{"line":287,"column":18}}],"line":276},"27":{"loc":{"start":{"line":293,"column":7},"end":{"line":328,"column":7}},"type":"binary-expr","locations":[{"start":{"line":293,"column":7},"end":{"line":293,"column":25}},{"start":{"line":293,"column":29},"end":{"line":293,"column":37}},{"start":{"line":294,"column":8},"end":{"line":327,"column":14}}],"line":293},"28":{"loc":{"start":{"line":319,"column":19},"end":{"line":319,"column":49}},"type":"binary-expr","locations":[{"start":{"line":319,"column":19},"end":{"line":319,"column":39}},{"start":{"line":319,"column":43},"end":{"line":319,"column":49}}],"line":319}},"s":{"0":0,"1":0,"2":0,"3":0,"4":0,"5":0,"6":0,"7":0,"8":0,"9":0,"10":0,"11":0,"12":0,"13":0,"14":0,"15":0,"16":0,"17":0,"18":0,"19":0,"20":0,"21":0,"22":0,"23":0,"24":0,"25":0,"26":0,"27":0,"28":0,"29":0,"30":0,"31":0,"32":0,"33":0,"34":0,"35":0,"36":0,"37":0,"38":0,"39":0,"40":0,"41":0,"42":0},"f":{"0":0,"1":0,"2":0,"3":0,"4":0,"5":0,"6":0,"7":0,"8":0,"9":0,"10":0},"b":{"0":[0,0],"1":[0,0],"2":[0,0],"3":[0,0],"4":[0,0],"5":[0,0],"6":[0,0],"7":[0,0],"8":[0,0],"9":[0,0],"10":[0,0],"11":[0,0],"12":[0,0],"13":[0,0],"14":[0,0],"15":[0,0],"16":[0,0],"17":[0,0],"18":[0,0],"19":[0,0],"20":[0,0,0],"21":[0,0,0],"22":[0,0],"23":[0,0],"24":[0,0],"25":[0,0],"26":[0,0],"27":[0,0,0],"28":[0,0]}}
}
